#
# A fatal error has been detected by the Java Runtime Environment:
#
#  EXCEPTION_UNCAUGHT_CXX_EXCEPTION (0xe06d7363) at pc=0x00007ffe027d7788, pid=3968, tid=15104
#
# JRE version: Java(TM) SE Runtime Environment (8.0_51-b16) (build 1.8.0_51-b16)
# Java VM: Java HotSpot(TM) 64-Bit Server VM (25.51-b03 mixed mode windows-amd64 compressed oops)
# Problematic frame:
# C  [KERNELBASE.dll+0x17788]
#
# Failed to write core dump. Minidumps are not enabled by default on client versions of Windows
#
# If you would like to submit a bug report, please visit:
#   http://bugreport.java.com/bugreport/crash.jsp
# The crash happened outside the Java Virtual Machine in native code.
# See problematic frame for where to report the bug.
#

---------------  T H R E A D  ---------------

Current thread (0x0000000019908800):  JavaThread "Thread-1" [_thread_in_native, id=15104, stack(0x000000001bbf0000,0x000000001bcf0000)]

siginfo: ExceptionCode=0xe06d7363, ExceptionInformation=0x0000000019930520 0x000000001bcdf110 0x00007ffdde300668 0x00007ffdde0c0000 

Registers:
RAX=0x0000000000000000, RBX=0x00007ffdde300668, RCX=0x0000000000000000, RDX=0x0000000000000000
RSP=0x000000001bcdef80, RBP=0x000000001bcdf0c0, RSI=0x00007ffdda052048, RDI=0x000000001bcdf110
R8 =0x0000000000000000, R9 =0x0000000000000000, R10=0x0000000000000000, R11=0x0000000000000000
R12=0x00000000ffffff29, R13=0x0000000000000000, R14=0x00007ffdda051910, R15=0x000000001bcef2b8
RIP=0x00007ffe027d7788, EFLAGS=0x0000000000000202

Top of Stack: (sp=0x000000001bcdef80)
0x000000001bcdef80:   0000000000000000 00007ffdde300668
0x000000001bcdef90:   00007ffdda052048 000000001bcdf110
0x000000001bcdefa0:   00000001e06d7363 0000000000000000
0x000000001bcdefb0:   00007ffe027d7788 0000000000000004
0x000000001bcdefc0:   0000000019930520 000000001bcdf110
0x000000001bcdefd0:   00007ffdde300668 00007ffdde0c0000
0x000000001bcdefe0:   0000000000000000 00000000ffffff29
0x000000001bcdeff0:   000000001bcdf110 00007ffdda052048
0x000000001bcdf000:   000000001bcdf0c0 00007ffe0607c26f
0x000000001bcdf010:   000000001bcdf0d0 00007ffd00000000
0x000000001bcdf020:   000000001bcdf110 00007ffdf405d306
0x000000001bcdf030:   00007ffdde321000 00007ffdde0c0000
0x000000001bcdf040:   000008b883ae67b0 00007ffdf40dc4d0
0x000000001bcdf050:   00007ffdde300668 00007ffdf405ef63
0x000000001bcdf060:   000000001bcdf110 00007ffdf402eb8d
0x000000001bcdf070:   00007ffdf40dc4d0 00007ffdda052048 

Instructions: (pc=0x00007ffe027d7788)
0x00007ffe027d7768:   49 8b d1 44 0f 47 c0 44 89 44 24 38 49 c1 e0 03
0x00007ffe027d7778:   e8 07 55 06 00 48 8d 4c 24 20 ff 15 d0 08 13 00
0x00007ffe027d7788:   48 8b 8c 24 c0 00 00 00 48 33 cc e8 98 1a 06 00
0x00007ffe027d7798:   48 81 c4 d8 00 00 00 c3 83 64 24 38 00 eb d6 cc 


Register to memory mapping:

RAX=0x0000000000000000 is an unknown value
RBX=0x00007ffdde300668 is an unknown value
RCX=0x0000000000000000 is an unknown value
RDX=0x0000000000000000 is an unknown value
RSP=0x000000001bcdef80 is pointing into the stack for thread: 0x0000000019908800
RBP=0x000000001bcdf0c0 is pointing into the stack for thread: 0x0000000019908800
RSI=0x00007ffdda052048 is an unknown value
RDI=0x000000001bcdf110 is pointing into the stack for thread: 0x0000000019908800
R8 =0x0000000000000000 is an unknown value
R9 =0x0000000000000000 is an unknown value
R10=0x0000000000000000 is an unknown value
R11=0x0000000000000000 is an unknown value
R12=0x00000000ffffff29 is an unallocated location in the heap
R13=0x0000000000000000 is an unknown value
R14=0x00007ffdda051910 is an unknown value
R15=0x000000001bcef2b8 is pointing into the stack for thread: 0x0000000019908800


Stack: [0x000000001bbf0000,0x000000001bcf0000],  sp=0x000000001bcdef80,  free space=955k
Native frames: (J=compiled Java code, j=interpreted, Vv=VM code, C=native code)
C  [KERNELBASE.dll+0x17788]
C  [msvcr120.dll+0x5ef63]
C  [opencv_core310.dll+0x19b654]
C  [opencv_core310.dll+0x19b796]
C  [opencv_imgproc310.dll+0x12eb9f]
C  [jniopencv_imgproc.dll+0x1f8ee]
C  0x00000000028b5e34

Java frames: (J=compiled Java code, j=interpreted, Vv=VM code)
j  org.bytedeco.javacpp.opencv_imgproc.cvResize(Lorg/bytedeco/javacpp/helper/opencv_core$CvArr;Lorg/bytedeco/javacpp/helper/opencv_core$CvArr;)V+0
j  HandDetector.update(Lorg/bytedeco/javacpp/opencv_core$IplImage;)V+5
j  HandPanel.run()V+80
j  java.lang.Thread.run()V+11
v  ~StubRoutines::call_stub

---------------  P R O C E S S  ---------------

Java Threads: ( => current thread )
  0x0000000002395800 JavaThread "DestroyJavaVM" [_thread_blocked, id=2000, stack(0x0000000000b50000,0x0000000000c50000)]
  0x00000000198e6800 JavaThread "AWT-EventQueue-0" [_thread_blocked, id=13196, stack(0x000000001bcf0000,0x000000001bdf0000)]
=>0x0000000019908800 JavaThread "Thread-1" [_thread_in_native, id=15104, stack(0x000000001bbf0000,0x000000001bcf0000)]
  0x000000001ae7e800 JavaThread "JavaCPP Deallocator" daemon [_thread_blocked, id=11960, stack(0x000000001ba90000,0x000000001bb90000)]
  0x0000000019694800 JavaThread "AWT-Windows" daemon [_thread_in_native, id=2032, stack(0x0000000019fd0000,0x000000001a0d0000)]
  0x0000000019694000 JavaThread "AWT-Shutdown" [_thread_blocked, id=6944, stack(0x0000000019ed0000,0x0000000019fd0000)]
  0x0000000019693800 JavaThread "Java2D Disposer" daemon [_thread_blocked, id=12912, stack(0x0000000019db0000,0x0000000019eb0000)]
  0x00000000195b1800 JavaThread "Monitor Ctrl-Break" daemon [_thread_in_native, id=16104, stack(0x0000000019b80000,0x0000000019c80000)]
  0x000000001882e000 JavaThread "Service Thread" daemon [_thread_blocked, id=2176, stack(0x0000000019090000,0x0000000019190000)]
  0x0000000017448000 JavaThread "C1 CompilerThread2" daemon [_thread_blocked, id=11656, stack(0x0000000018f90000,0x0000000019090000)]
  0x0000000017444800 JavaThread "C2 CompilerThread1" daemon [_thread_blocked, id=11612, stack(0x0000000018e90000,0x0000000018f90000)]
  0x0000000017442800 JavaThread "C2 CompilerThread0" daemon [_thread_blocked, id=15608, stack(0x0000000018d90000,0x0000000018e90000)]
  0x0000000017440800 JavaThread "Attach Listener" daemon [_thread_blocked, id=4324, stack(0x0000000018c90000,0x0000000018d90000)]
  0x00000000187d3800 JavaThread "Signal Dispatcher" daemon [_thread_blocked, id=6708, stack(0x0000000018b90000,0x0000000018c90000)]
  0x0000000002485800 JavaThread "Finalizer" daemon [_thread_blocked, id=10528, stack(0x0000000018690000,0x0000000018790000)]
  0x0000000002482800 JavaThread "Reference Handler" daemon [_thread_blocked, id=14420, stack(0x0000000018590000,0x0000000018690000)]

Other Threads:
  0x00000000173f8000 VMThread [stack: 0x0000000018490000,0x0000000018590000] [id=16264]
  0x000000001882f000 WatcherThread [stack: 0x0000000019190000,0x0000000019290000] [id=14300]

VM state:not at safepoint (normal execution)

VM Mutex/Monitor currently owned by a thread: None

Heap:
 PSYoungGen      total 38400K, used 19314K [0x00000000d5b00000, 0x00000000d8580000, 0x0000000100000000)
  eden space 33280K, 46% used [0x00000000d5b00000,0x00000000d6a088e0,0x00000000d7b80000)
  from space 5120K, 76% used [0x00000000d7b80000,0x00000000d7f53f38,0x00000000d8080000)
  to   space 5120K, 0% used [0x00000000d8080000,0x00000000d8080000,0x00000000d8580000)
 ParOldGen       total 87552K, used 8K [0x0000000081000000, 0x0000000086580000, 0x00000000d5b00000)
  object space 87552K, 0% used [0x0000000081000000,0x0000000081002000,0x0000000086580000)
 Metaspace       used 13053K, capacity 13166K, committed 13312K, reserved 1060864K
  class space    used 1445K, capacity 1507K, committed 1536K, reserved 1048576K

Card table byte_map: [0x0000000011c60000,0x0000000012060000] byte_map_base: 0x0000000011858000

Marking Bits: (ParMarkBitMap*) 0x0000000068d74040
 Begin Bits: [0x0000000012710000, 0x00000000146d0000)
 End Bits:   [0x00000000146d0000, 0x0000000016690000)

Polling page: 0x0000000000750000

CodeCache: size=245760Kb used=3917Kb max_used=3917Kb free=241842Kb
 bounds [0x00000000028a0000, 0x0000000002c80000, 0x00000000118a0000]
 total_blobs=1564 nmethods=980 adapters=497
 compilation: enabled

Compilation events (10 events):
Event: 1.942 Thread 0x0000000017448000 nmethod 974 0x0000000002c74050 code [0x0000000002c741e0, 0x0000000002c745d8]
Event: 1.980 Thread 0x0000000017448000  976       3       javax.swing.JComponent::contains (27 bytes)
Event: 1.980 Thread 0x0000000017448000 nmethod 976 0x0000000002c74710 code [0x0000000002c748a0, 0x0000000002c74f70]
Event: 1.980 Thread 0x0000000017448000  977       3       java.awt.Component::getCursor_NoClientCode (30 bytes)
Event: 1.981 Thread 0x0000000017448000 nmethod 977 0x0000000002c75110 code [0x0000000002c752a0, 0x0000000002c75708]
Event: 1.981 Thread 0x0000000017448000  978       3       sun.awt.AWTAccessor::getComponentAccessor (18 bytes)
Event: 1.981 Thread 0x0000000017448000 nmethod 978 0x0000000002c75890 code [0x0000000002c75a00, 0x0000000002c75c48]
Event: 2.012 Thread 0x0000000017448000  979       1       java.security.AccessControlContext::getContext (5 bytes)
Event: 2.012 Thread 0x0000000017448000 nmethod 979 0x0000000002c67950 code [0x0000000002c67aa0, 0x0000000002c67bb0]
Event: 2.689 Thread 0x0000000017448000  980       3       java.lang.Throwable::<init> (34 bytes)

GC Heap History (2 events):
Event: 1.215 GC heap before
{Heap before GC invocations=1 (full 0):
 PSYoungGen      total 38400K, used 33280K [0x00000000d5b00000, 0x00000000d8580000, 0x0000000100000000)
  eden space 33280K, 100% used [0x00000000d5b00000,0x00000000d7b80000,0x00000000d7b80000)
  from space 5120K, 0% used [0x00000000d8080000,0x00000000d8080000,0x00000000d8580000)
  to   space 5120K, 0% used [0x00000000d7b80000,0x00000000d7b80000,0x00000000d8080000)
 ParOldGen       total 87552K, used 0K [0x0000000081000000, 0x0000000086580000, 0x00000000d5b00000)
  object space 87552K, 0% used [0x0000000081000000,0x0000000081000000,0x0000000086580000)
 Metaspace       used 11685K, capacity 11822K, committed 11904K, reserved 1060864K
  class space    used 1306K, capacity 1379K, committed 1408K, reserved 1048576K
Event: 1.221 GC heap after
Heap after GC invocations=1 (full 0):
 PSYoungGen      total 38400K, used 3919K [0x00000000d5b00000, 0x00000000d8580000, 0x0000000100000000)
  eden space 33280K, 0% used [0x00000000d5b00000,0x00000000d5b00000,0x00000000d7b80000)
  from space 5120K, 76% used [0x00000000d7b80000,0x00000000d7f53f38,0x00000000d8080000)
  to   space 5120K, 0% used [0x00000000d8080000,0x00000000d8080000,0x00000000d8580000)
 ParOldGen       total 87552K, used 8K [0x0000000081000000, 0x0000000086580000, 0x00000000d5b00000)
  object space 87552K, 0% used [0x0000000081000000,0x0000000081002000,0x0000000086580000)
 Metaspace       used 11685K, capacity 11822K, committed 11904K, reserved 1060864K
  class space    used 1306K, capacity 1379K, committed 1408K, reserved 1048576K
}

Deoptimization events (1 events):
Event: 0.316 Thread 0x0000000002395800 Uncommon trap: reason=unstable_if action=reinterpret pc=0x00000000029b4ca4 method=java.lang.String.hashCode()I @ 14

Internal exceptions (10 events):
Event: 1.270 Thread 0x0000000019908800 Exception <a 'java/lang/UnsatisfiedLinkError'> (0x00000000d5f848c0) thrown at [C:\re\workspace\8-2-build-windows-amd64-cygwin\jdk8u51\3951\hotspot\src\share\vm\prims\jni.cpp, line 709]
Event: 1.273 Thread 0x0000000019908800 Exception <a 'java/lang/UnsatisfiedLinkError'> (0x00000000d5f88e20) thrown at [C:\re\workspace\8-2-build-windows-amd64-cygwin\jdk8u51\3951\hotspot\src\share\vm\prims\jvm.cpp, line 3965]
Event: 1.273 Thread 0x0000000019908800 Exception <a 'java/lang/UnsatisfiedLinkError'> (0x00000000d5f88e20) thrown at [C:\re\workspace\8-2-build-windows-amd64-cygwin\jdk8u51\3951\hotspot\src\share\vm\prims\jni.cpp, line 709]
Event: 1.273 Thread 0x0000000019908800 Exception <a 'java/lang/UnsatisfiedLinkError'> (0x00000000d5f894f0) thrown at [C:\re\workspace\8-2-build-windows-amd64-cygwin\jdk8u51\3951\hotspot\src\share\vm\oops\instanceKlass.cpp, line 938]
Event: 1.273 Thread 0x0000000019908800 Exception <a 'java/lang/reflect/InvocationTargetException'> (0x00000000d5f89cd8) thrown at [C:\re\workspace\8-2-build-windows-amd64-cygwin\jdk8u51\3951\hotspot\src\share\vm\runtime\reflection.cpp, line 1080]
Event: 1.370 Thread 0x0000000019908800 Exception <a 'java/lang/UnsatisfiedLinkError'> (0x00000000d62a6370) thrown at [C:\re\workspace\8-2-build-windows-amd64-cygwin\jdk8u51\3951\hotspot\src\share\vm\oops\instanceKlass.cpp, line 938]
Event: 1.370 Thread 0x0000000019908800 Exception <a 'java/lang/reflect/InvocationTargetException'> (0x00000000d62a6ab0) thrown at [C:\re\workspace\8-2-build-windows-amd64-cygwin\jdk8u51\3951\hotspot\src\share\vm\runtime\reflection.cpp, line 1080]
Event: 1.382 Thread 0x0000000019908800 Exception <a 'java/lang/UnsatisfiedLinkError'> (0x00000000d6330ac0) thrown at [C:\re\workspace\8-2-build-windows-amd64-cygwin\jdk8u51\3951\hotspot\src\share\vm\oops\instanceKlass.cpp, line 938]
Event: 1.382 Thread 0x0000000019908800 Exception <a 'java/lang/reflect/InvocationTargetException'> (0x00000000d63311f0) thrown at [C:\re\workspace\8-2-build-windows-amd64-cygwin\jdk8u51\3951\hotspot\src\share\vm\runtime\reflection.cpp, line 1080]
Event: 1.384 Thread 0x0000000019908800 Exception <a 'java/lang/NoClassDefFoundError': cl/eye/CLCamera> (0x00000000d634e520) thrown at [C:\re\workspace\8-2-build-windows-amd64-cygwin\jdk8u51\3951\hotspot\src\share\vm\classfile\systemDictionary.cpp, line 199]

Events (10 events):
Event: 1.687 loading class java/util/regex/ASCII
Event: 1.687 loading class java/util/regex/ASCII done
Event: 1.749 loading class java/awt/Cursor$CursorDisposer
Event: 1.749 loading class java/awt/Cursor$CursorDisposer done
Event: 1.750 loading class java/awt/event/MouseWheelEvent
Event: 1.750 loading class java/awt/event/MouseWheelEvent done
Event: 1.750 loading class java/awt/AWTEvent$2
Event: 1.750 loading class java/awt/AWTEvent$2 done
Event: 1.750 loading class sun/reflect/UnsafeBooleanFieldAccessorImpl
Event: 1.751 loading class sun/reflect/UnsafeBooleanFieldAccessorImpl done


Dynamic libraries:
0x00007ff67f1b0000 - 0x00007ff67f1e7000 	C:\Program Files\Java\jdk1.8.0_51\bin\java.exe
0x00007ffe06030000 - 0x00007ffe06201000 	C:\WINDOWS\SYSTEM32\ntdll.dll
0x00007ffe05550000 - 0x00007ffe055fb000 	C:\WINDOWS\System32\KERNEL32.DLL
0x00007ffe027c0000 - 0x00007ffe029dd000 	C:\WINDOWS\System32\KERNELBASE.dll
0x00007ffe05190000 - 0x00007ffe05232000 	C:\WINDOWS\System32\ADVAPI32.dll
0x00007ffe05250000 - 0x00007ffe052ee000 	C:\WINDOWS\System32\msvcrt.dll
0x00007ffe05b70000 - 0x00007ffe05bc9000 	C:\WINDOWS\System32\sechost.dll
0x00007ffe04b30000 - 0x00007ffe04c51000 	C:\WINDOWS\System32\RPCRT4.dll
0x00007ffe05600000 - 0x00007ffe05765000 	C:\WINDOWS\System32\USER32.dll
0x00007ffe03130000 - 0x00007ffe0314e000 	C:\WINDOWS\System32\win32u.dll
0x00007ffe04f50000 - 0x00007ffe04f84000 	C:\WINDOWS\System32\GDI32.dll
0x00007ffe02630000 - 0x00007ffe027b2000 	C:\WINDOWS\System32\gdi32full.dll
0x00007ffdfaaf0000 - 0x00007ffdfad69000 	C:\WINDOWS\WinSxS\amd64_microsoft.windows.common-controls_6595b64144ccf1df_6.0.14393.447_none_42191651c6827bb3\COMCTL32.dll
0x00007ffe05830000 - 0x00007ffe05af8000 	C:\WINDOWS\System32\combase.dll
0x00007ffe03420000 - 0x00007ffe03515000 	C:\WINDOWS\System32\ucrtbase.dll
0x00007ffe030c0000 - 0x00007ffe0312a000 	C:\WINDOWS\System32\bcryptPrimitives.dll
0x00007ffe06000000 - 0x00007ffe0602e000 	C:\WINDOWS\System32\IMM32.DLL
0x0000000069360000 - 0x0000000069432000 	C:\Program Files\Java\jdk1.8.0_51\jre\bin\msvcr100.dll
0x0000000068570000 - 0x0000000068df3000 	C:\Program Files\Java\jdk1.8.0_51\jre\bin\server\jvm.dll
0x00007ffe05240000 - 0x00007ffe05248000 	C:\WINDOWS\System32\PSAPI.DLL
0x00007ffdff700000 - 0x00007ffdff709000 	C:\WINDOWS\SYSTEM32\WSOCK32.dll
0x00007ffe05b00000 - 0x00007ffe05b6a000 	C:\WINDOWS\System32\WS2_32.dll
0x00007ffe00840000 - 0x00007ffe00863000 	C:\WINDOWS\SYSTEM32\WINMM.dll
0x00007ffdfe050000 - 0x00007ffdfe05a000 	C:\WINDOWS\SYSTEM32\VERSION.dll
0x00007ffe00560000 - 0x00007ffe0058b000 	C:\WINDOWS\SYSTEM32\WINMMBASE.dll
0x00007ffe033d0000 - 0x00007ffe03412000 	C:\WINDOWS\System32\cfgmgr32.dll
0x000000006a590000 - 0x000000006a59f000 	C:\Program Files\Java\jdk1.8.0_51\jre\bin\verify.dll
0x000000006a560000 - 0x000000006a589000 	C:\Program Files\Java\jdk1.8.0_51\jre\bin\java.dll
0x000000006a540000 - 0x000000006a556000 	C:\Program Files\Java\jdk1.8.0_51\jre\bin\zip.dll
0x00007ffe035c0000 - 0x00007ffe04ac9000 	C:\WINDOWS\System32\SHELL32.dll
0x00007ffe029e0000 - 0x00007ffe030ba000 	C:\WINDOWS\System32\windows.storage.dll
0x00007ffe02490000 - 0x00007ffe024dc000 	C:\WINDOWS\System32\powrprof.dll
0x00007ffe05130000 - 0x00007ffe05182000 	C:\WINDOWS\System32\shlwapi.dll
0x00007ffe02510000 - 0x00007ffe0251f000 	C:\WINDOWS\System32\kernel.appcore.dll
0x00007ffe02580000 - 0x00007ffe02629000 	C:\WINDOWS\System32\shcore.dll
0x00007ffe024e0000 - 0x00007ffe024f4000 	C:\WINDOWS\System32\profapi.dll
0x00007ffdff610000 - 0x00007ffdff620000 	C:\Program Files (x86)\JetBrains\IntelliJ IDEA Community Edition 2016.3.2\bin\breakgen64.dll
0x000000006a160000 - 0x000000006a17a000 	C:\Program Files\Java\jdk1.8.0_51\jre\bin\net.dll
0x00007ffe01d60000 - 0x00007ffe01dbc000 	C:\WINDOWS\system32\mswsock.dll
0x000000006a3a0000 - 0x000000006a538000 	C:\Program Files\Java\jdk1.8.0_51\jre\bin\awt.dll
0x00007ffe05770000 - 0x00007ffe0582f000 	C:\WINDOWS\System32\OLEAUT32.dll
0x00007ffe03520000 - 0x00007ffe035bc000 	C:\WINDOWS\System32\msvcp_win.dll
0x00007ffe00a80000 - 0x00007ffe00afa000 	C:\WINDOWS\SYSTEM32\apphelp.dll
0x00007ffdffec0000 - 0x00007ffdffee6000 	C:\WINDOWS\system32\DWMAPI.DLL
0x00007ffe00c20000 - 0x00007ffe00cb5000 	C:\WINDOWS\system32\uxtheme.dll
0x00007ffe04c60000 - 0x00007ffe04dbb000 	C:\WINDOWS\System32\MSCTF.dll
0x00007ffe05410000 - 0x00007ffe05547000 	C:\WINDOWS\System32\ole32.dll
0x00007ffdf4000000 - 0x00007ffdf40ef000 	C:\Users\Phuwarin Janaphon\.javacpp\cache\opencv-windows-x86_64.jar\org\bytedeco\javacpp\windows-x86_64\msvcr120.dll
0x00007ffdef640000 - 0x00007ffdef6e6000 	C:\Users\Phuwarin Janaphon\.javacpp\cache\opencv-windows-x86_64.jar\org\bytedeco\javacpp\windows-x86_64\msvcp120.dll
0x00007ffdde0c0000 - 0x00007ffdde33a000 	C:\Users\Phuwarin Janaphon\.javacpp\cache\opencv-windows-x86_64.jar\org\bytedeco\javacpp\windows-x86_64\opencv_core310.dll
0x00007ffdd9e40000 - 0x00007ffdda182000 	C:\Users\Phuwarin Janaphon\.javacpp\cache\opencv-windows-x86_64.jar\org\bytedeco\javacpp\windows-x86_64\opencv_imgproc310.dll
0x00007ffdd7d00000 - 0x00007ffdd7f27000 	C:\Users\Phuwarin Janaphon\.javacpp\cache\opencv-windows-x86_64.jar\org\bytedeco\javacpp\windows-x86_64\jniopencv_core.dll
0x000000006a140000 - 0x000000006a151000 	C:\Program Files\Java\jdk1.8.0_51\jre\bin\nio.dll
0x00007ffdd8a00000 - 0x00007ffdd8aed000 	C:\Users\Phuwarin Janaphon\.javacpp\cache\opencv-windows-x86_64.jar\org\bytedeco\javacpp\windows-x86_64\jniopencv_imgproc.dll
0x00007ffdd7810000 - 0x00007ffdd7ad9000 	C:\Users\Phuwarin Janaphon\.javacpp\cache\opencv-windows-x86_64.jar\org\bytedeco\javacpp\windows-x86_64\opencv_imgcodecs310.dll
0x00007ffdf8800000 - 0x00007ffdf8825000 	C:\Users\Phuwarin Janaphon\.javacpp\cache\opencv-windows-x86_64.jar\org\bytedeco\javacpp\windows-x86_64\jniopencv_imgcodecs.dll
0x00007ffdf5a10000 - 0x00007ffdf5a63000 	C:\Users\Phuwarin Janaphon\.javacpp\cache\opencv-windows-x86_64.jar\org\bytedeco\javacpp\windows-x86_64\opencv_videoio310.dll
0x00007ffdf6db0000 - 0x00007ffdf6dd9000 	C:\WINDOWS\SYSTEM32\MSVFW32.dll
0x00007ffdfb370000 - 0x00007ffdfb390000 	C:\WINDOWS\SYSTEM32\AVIFIL32.dll
0x00007ffdf87a0000 - 0x00007ffdf87b8000 	C:\WINDOWS\SYSTEM32\AVICAP32.dll
0x00007ffdf6d90000 - 0x00007ffdf6dac000 	C:\WINDOWS\SYSTEM32\MSACM32.dll
0x00007ffdf7d00000 - 0x00007ffdf7d17000 	C:\Users\Phuwarin Janaphon\.javacpp\cache\opencv-windows-x86_64.jar\org\bytedeco\javacpp\windows-x86_64\jniopencv_videoio.dll
0x00007ffdf5750000 - 0x00007ffdf577c000 	C:\Users\Phuwarin Janaphon\.javacpp\cache\opencv-windows-x86_64.jar\org\bytedeco\javacpp\windows-x86_64\opencv_highgui310.dll
0x00007ffe04e50000 - 0x00007ffe04f4a000 	C:\WINDOWS\System32\COMDLG32.dll
0x00007ffdf44a0000 - 0x00007ffdf44d5000 	C:\Users\Phuwarin Janaphon\.javacpp\cache\opencv-windows-x86_64.jar\org\bytedeco\javacpp\windows-x86_64\jniopencv_highgui.dll
0x00007ffdd9bf0000 - 0x00007ffdd9cbd000 	C:\Users\Phuwarin Janaphon\.javacpp\cache\opencv-windows-x86_64.jar\org\bytedeco\javacpp\windows-x86_64\opencv_ml310.dll
0x00007ffdef600000 - 0x00007ffdef63f000 	C:\Users\Phuwarin Janaphon\.javacpp\cache\opencv-windows-x86_64.jar\org\bytedeco\javacpp\windows-x86_64\jniopencv_ml.dll
0x00007ffde4890000 - 0x00007ffde4926000 	C:\Users\Phuwarin Janaphon\.javacpp\cache\opencv-windows-x86_64.jar\org\bytedeco\javacpp\windows-x86_64\opencv_objdetect310.dll
0x00007ffdef5a0000 - 0x00007ffdef5f4000 	C:\Users\Phuwarin Janaphon\.javacpp\cache\opencv-windows-x86_64.jar\org\bytedeco\javacpp\windows-x86_64\jniopencv_objdetect.dll
0x00007ffdef3c0000 - 0x00007ffdef3e6000 	C:\Users\Phuwarin Janaphon\.javacpp\cache\videoinput-windows-x86_64.jar\org\bytedeco\javacpp\windows-x86_64\jnivideoInputLib.dll
0x000000006a350000 - 0x000000006a397000 	C:\Program Files\Java\jdk1.8.0_51\jre\bin\fontmanager.dll
0x0000000069c00000 - 0x0000000069c42000 	C:\Program Files\Java\jdk1.8.0_51\jre\bin\t2k.dll
0x0000000069b80000 - 0x0000000069b95000 	C:\Users\Phuwarin Janaphon\.javacpp\cache\libfreenect-windows-x86_64.jar\org\bytedeco\javacpp\windows-x86_64\libusb0.dll
0x00007ffe05bd0000 - 0x00007ffe05ff9000 	C:\WINDOWS\System32\SETUPAPI.dll
0x00007ffde5140000 - 0x00007ffde5174000 	C:\Users\Phuwarin Janaphon\.javacpp\cache\libfreenect-windows-x86_64.jar\org\bytedeco\javacpp\windows-x86_64\freenect.dll
0x00007ffdf4420000 - 0x00007ffdf4439000 	C:\Users\Phuwarin Janaphon\.javacpp\cache\libfreenect-windows-x86_64.jar\org\bytedeco\javacpp\windows-x86_64\pthreadVC2.dll
0x00007ffde6420000 - 0x00007ffde6444000 	C:\Users\Phuwarin Janaphon\.javacpp\cache\libfreenect-windows-x86_64.jar\org\bytedeco\javacpp\windows-x86_64\jnifreenect.dll
0x00007ffe05300000 - 0x00007ffe0539f000 	C:\WINDOWS\System32\clbcatq.dll
0x00007ffdf43e0000 - 0x00007ffdf43f8000 	C:\Windows\System32\devenum.dll
0x00007ffe01840000 - 0x00007ffe01872000 	C:\WINDOWS\SYSTEM32\ntmarta.dll
0x00007ffe010d0000 - 0x00007ffe010f8000 	C:\WINDOWS\SYSTEM32\DEVOBJ.dll
0x00007ffe02520000 - 0x00007ffe02575000 	C:\WINDOWS\System32\WINTRUST.dll
0x00007ffe02500000 - 0x00007ffe02510000 	C:\WINDOWS\System32\MSASN1.dll
0x00007ffe03200000 - 0x00007ffe033c9000 	C:\WINDOWS\System32\CRYPT32.dll
0x00007ffdff5d0000 - 0x00007ffdff5da000 	C:\WINDOWS\SYSTEM32\msdmo.dll
0x00007ffde47d0000 - 0x00007ffde4803000 	C:\Windows\System32\qcap.dll
0x00007ffdd7640000 - 0x00007ffdd7803000 	C:\Windows\System32\quartz.dll
0x00007ffe02070000 - 0x00007ffe0209b000 	C:\Windows\System32\bcrypt.dll
0x00007ffde03b0000 - 0x00007ffde03f8000 	C:\Windows\System32\mfksproxy.dll
0x00007ffdfd940000 - 0x00007ffdfd95c000 	C:\Windows\System32\ATL.DLL
0x00007ffdd9af0000 - 0x00007ffdd9b3e000 	C:\Windows\System32\MFSENSORGROUP.dll
0x00007ffdfe4d0000 - 0x00007ffdfe638000 	C:\Windows\System32\MFPlat.DLL
0x00007ffdfde70000 - 0x00007ffdfde9e000 	C:\Windows\System32\RTWorkQ.DLL
0x00007ffdd97c0000 - 0x00007ffdd980b000 	C:\Windows\System32\ksproxy.ax
0x00007ffdd71f0000 - 0x00007ffdd737d000 	C:\Windows\System32\d3d9.dll
0x00007ffdfd440000 - 0x00007ffdfd449000 	C:\Windows\System32\ksuser.dll
0x00007ffdf5c80000 - 0x00007ffdf5cc3000 	C:\WINDOWS\SYSTEM32\policymanager.dll
0x00007ffe00e20000 - 0x00007ffe00eb1000 	C:\Windows\System32\msvcp110_win.dll
0x00007ffdff2b0000 - 0x00007ffdff2bd000 	C:\Windows\System32\vidcap.ax
0x00007ffde5110000 - 0x00007ffde5135000 	C:\Windows\System32\kswdmcap.ax
0x00007ffdd7080000 - 0x00007ffdd71e3000 	C:\Windows\System32\MFC42.dll
0x00007ffdd8950000 - 0x00007ffdd89ff000 	C:\Windows\System32\ODBC32.dll
0x00007ffe019b0000 - 0x00007ffe019ba000 	C:\Windows\System32\DPAPI.dll
0x00007ffdd8280000 - 0x00007ffdd8323000 	C:\Windows\System32\qedit.dll
0x00007ffdfe120000 - 0x00007ffdfe2ba000 	C:\WINDOWS\WinSxS\amd64_microsoft.windows.gdiplus_6595b64144ccf1df_1.1.14393.321_none_72fe05dd211a5fae\gdiplus.dll
0x00007ffdec860000 - 0x00007ffdec957000 	C:\Windows\System32\DDRAW.dll
0x00007ffdf6bd0000 - 0x00007ffdf6bd8000 	C:\Windows\System32\DCIMAN32.dll
0x00007ffdd6e60000 - 0x00007ffdd7078000 	C:\Program Files (x86)\K-Lite Codec Pack\Filters\DirectVobSub64\vsfilter.dll
0x00007ffdff710000 - 0x00007ffdff775000 	C:\WINDOWS\SYSTEM32\OLEACC.dll
0x00007ffdfdfc0000 - 0x00007ffdfe045000 	C:\WINDOWS\SYSTEM32\WINSPOOL.DRV
0x00007ffdf14b0000 - 0x00007ffdf1743000 	C:\WINDOWS\SYSTEM32\WININET.dll
0x00007ffdfe060000 - 0x00007ffdfe06c000 	C:\WINDOWS\SYSTEM32\msyuv.dll
0x00007ffdff400000 - 0x00007ffdff592000 	C:\WINDOWS\SYSTEM32\dbghelp.dll

VM Arguments:
jvm_args: -Djava.library.path=C:\opencv-249\opencv\build\java\x64 -Didea.launcher.port=7533 -Didea.launcher.bin.path=C:\Program Files (x86)\JetBrains\IntelliJ IDEA Community Edition 2016.3.2\bin -Dfile.encoding=UTF-8 
java_command: com.intellij.rt.execution.application.AppMain Handy
java_class_path (initial): C:\Program Files\Java\jdk1.8.0_51\jre\lib\charsets.jar;C:\Program Files\Java\jdk1.8.0_51\jre\lib\deploy.jar;C:\Program Files\Java\jdk1.8.0_51\jre\lib\ext\access-bridge-64.jar;C:\Program Files\Java\jdk1.8.0_51\jre\lib\ext\cldrdata.jar;C:\Program Files\Java\jdk1.8.0_51\jre\lib\ext\dnsns.jar;C:\Program Files\Java\jdk1.8.0_51\jre\lib\ext\jaccess.jar;C:\Program Files\Java\jdk1.8.0_51\jre\lib\ext\jfxrt.jar;C:\Program Files\Java\jdk1.8.0_51\jre\lib\ext\localedata.jar;C:\Program Files\Java\jdk1.8.0_51\jre\lib\ext\nashorn.jar;C:\Program Files\Java\jdk1.8.0_51\jre\lib\ext\sunec.jar;C:\Program Files\Java\jdk1.8.0_51\jre\lib\ext\sunjce_provider.jar;C:\Program Files\Java\jdk1.8.0_51\jre\lib\ext\sunmscapi.jar;C:\Program Files\Java\jdk1.8.0_51\jre\lib\ext\sunpkcs11.jar;C:\Program Files\Java\jdk1.8.0_51\jre\lib\ext\zipfs.jar;C:\Program Files\Java\jdk1.8.0_51\jre\lib\javaws.jar;C:\Program Files\Java\jdk1.8.0_51\jre\lib\jce.jar;C:\Program Files\Java\jdk1.8.0_51\jre\lib\jfr.jar;C:\Program Files\Java\jdk1.8.0_51\jre\lib\jfxswt.jar;C:\Program Files\Java\jdk1.8.0_51\jre\lib\jsse.jar;C:\Program Files\Java\jdk1.8.0_51\jre\lib\management-agent.jar;C:\Program Files\Java\jdk1.8.0_51\jre\lib\plugin.jar;C:\Program Files\Java\jdk1.8.0_51\jre\lib\resources.jar;C:\Program Files\Java\jdk1.8.0_51\jre\lib\rt.jar;D:\Users\Phuwarin\IdeaProjects\HandDetectionAndrew\out\production\HandDetectionAndrew;C:\opencv-249\opencv\build\java\opencv-249.jar;D:\javacv-bin\javacpp.jar;D:\javacv-bin\javacv.jar;D:\javacv-bin\javacv-linux-x86.jar;D:\javacv-bin\javacv-android-arm.jar;D:\javacv-bin\javacv-windows-x86.jar;D:\javacv-bin\javacv-linux-x86_64.jar;D:\javacv-bin\javacv-macosx-x86_64.jar;D:\javacv-bin\javacv-windows-x86_64.jar;D:\Users\Phuwarin Janaphon\Downloads\javacv-platform-1.3.1-bin\javacv-bin\javacpp.jar;D:\Users\Phuwarin Janaphon\Downloads\javacv-platform-1.3.1-bin\javacv-bin\ffmpeg.jar;D:\Users\Phuwarin Janaphon\Downloads\javacv-platform-1.3.1-bin\javacv-bin\javacv.jar;D:\Use
Launcher Type: SUN_STANDARD

Environment Variables:
PATH=C:\Perl64\site\bin;C:\Perl64\bin;C:\Program Files (x86)\Intel\iCLS Client\;C:\Program Files\Intel\iCLS Client\;C:\ProgramData\Oracle\Java\javapath;C:\Windows\system32;C:\Windows;C:\Windows\System32\Wbem;C:\Windows\System32\WindowsPowerShell\v1.0\;C:\Program Files (x86)\NVIDIA Corporation\PhysX\Common;C:\Program Files\Common Files\Autodesk Shared\;C:\WINDOWS\system32\config\systemprofile\.dnx\bin;C:\Program Files\Microsoft DNX\Dnvm\;C:\Program Files (x86)\Windows Kits\8.1\Windows Performance Toolkit\;C:\WINDOWS\system32;C:\WINDOWS;C:\WINDOWS\System32\Wbem;C:\WINDOWS\System32\WindowsPowerShell\v1.0\;C:\Program Files\Java\jdk1.8.0_51\bin;C:\Program Files (x86)\Windows Live\Shared;C:\Program Files\7-Zip;C:\Program Files\Intel\Intel(R) Management Engine Components\DAL;C:\Program Files\Intel\Intel(R) Management Engine Components\IPT;C:\Program Files\Mercurial\;C:\Program Files\nodejs\;C:\opencv\build\x64\vc14\bin;C:\GNAT\2015\bin;C:\Users\Phuwarin Janaphon\AppData\Local\Microsoft\WindowsApps;C:\Users\Phuwarin Janaphon\AppData\Local\atom\bin;C:\Users\Phuwarin Janaphon\AppData\Roaming\npm
USERNAME=Phuwarin
OS=Windows_NT
PROCESSOR_IDENTIFIER=Intel64 Family 6 Model 61 Stepping 4, GenuineIntel



---------------  S Y S T E M  ---------------

OS: Windows 10.0 , 64 bit Build 14393 (10.0.14393.0)

CPU:total 4 (2 cores per cpu, 2 threads per core) family 6 model 61 stepping 4, cmov, cx8, fxsr, mmx, sse, sse2, sse3, ssse3, sse4.1, sse4.2, popcnt, avx, avx2, aes, clmul, erms, 3dnowpref, lzcnt, ht, tsc, tscinvbit, bmi1, bmi2, adx

Memory: 4k page, physical 8315244k(4705552k free), swap 10346860k(5808648k free)

vm_info: Java HotSpot(TM) 64-Bit Server VM (25.51-b03) for windows-amd64 JRE (1.8.0_51-b16), built on Jun  8 2015 18:03:07 by "java_re" with MS VC++ 10.0 (VS2010)

time: Mon Jan 30 12:22:43 2017
elapsed time: 2 seconds (0d 0h 0m 2s)

