#
# A fatal error has been detected by the Java Runtime Environment:
#
#  EXCEPTION_UNCAUGHT_CXX_EXCEPTION (0xe06d7363) at pc=0x00007ffe027d7788, pid=13392, tid=7404
#
# JRE version: Java(TM) SE Runtime Environment (8.0_51-b16) (build 1.8.0_51-b16)
# Java VM: Java HotSpot(TM) 64-Bit Server VM (25.51-b03 mixed mode windows-amd64 compressed oops)
# Problematic frame:
# C  [KERNELBASE.dll+0x17788]
#
# Failed to write core dump. Minidumps are not enabled by default on client versions of Windows
#
# If you would like to submit a bug report, please visit:
#   http://bugreport.java.com/bugreport/crash.jsp
# The crash happened outside the Java Virtual Machine in native code.
# See problematic frame for where to report the bug.
#

---------------  T H R E A D  ---------------

Current thread (0x0000000019ab9000):  JavaThread "Thread-1" [_thread_in_native, id=7404, stack(0x000000001bdf0000,0x000000001bef0000)]

siginfo: ExceptionCode=0xe06d7363, ExceptionInformation=0x0000000019930520 0x000000001bededc0 0x00007ffdd4990668 0x00007ffdd4750000 

Registers:
RAX=0x0000000000000000, RBX=0x00007ffdd4990668, RCX=0x0000000000000000, RDX=0x0000000000000000
RSP=0x000000001bedec30, RBP=0x000000001beded70, RSI=0x00007ffdd1a72048, RDI=0x000000001bededc0
R8 =0x0000000000000000, R9 =0x0000000000000000, R10=0x0000000000000000, R11=0x0000000000000000
R12=0x00000000ffffff29, R13=0x0000000000000000, R14=0x00007ffdd1a71910, R15=0x000000001beeef68
RIP=0x00007ffe027d7788, EFLAGS=0x0000000000000202

Top of Stack: (sp=0x000000001bedec30)
0x000000001bedec30:   0000000000000000 00007ffdd4990668
0x000000001bedec40:   00007ffdd1a72048 000000001bededc0
0x000000001bedec50:   00000001e06d7363 0000000000000000
0x000000001bedec60:   00007ffe027d7788 0000000000000004
0x000000001bedec70:   0000000019930520 000000001bededc0
0x000000001bedec80:   00007ffdd4990668 00007ffdd4750000
0x000000001bedec90:   0000000000000000 00000000ffffff29
0x000000001bedeca0:   000000001bededc0 00007ffdd1a72048
0x000000001bedecb0:   000000001beded70 00007ffe0607c26f
0x000000001bedecc0:   000000001beded80 00007ffd00000000
0x000000001bedecd0:   000000001bededc0 00007ffde05ad306
0x000000001bedece0:   00007ffdd49b1000 00007ffdd4750000
0x000000001bedecf0:   0000cec6d56d41f8 00007ffde062c4d0
0x000000001beded00:   00007ffdd4990668 00007ffde05aef63
0x000000001beded10:   000000001bededc0 00007ffde057eb8d
0x000000001beded20:   00007ffde062c4d0 00007ffdd1a72048 

Instructions: (pc=0x00007ffe027d7788)
0x00007ffe027d7768:   49 8b d1 44 0f 47 c0 44 89 44 24 38 49 c1 e0 03
0x00007ffe027d7778:   e8 07 55 06 00 48 8d 4c 24 20 ff 15 d0 08 13 00
0x00007ffe027d7788:   48 8b 8c 24 c0 00 00 00 48 33 cc e8 98 1a 06 00
0x00007ffe027d7798:   48 81 c4 d8 00 00 00 c3 83 64 24 38 00 eb d6 cc 


Register to memory mapping:

RAX=0x0000000000000000 is an unknown value
RBX=0x00007ffdd4990668 is an unknown value
RCX=0x0000000000000000 is an unknown value
RDX=0x0000000000000000 is an unknown value
RSP=0x000000001bedec30 is pointing into the stack for thread: 0x0000000019ab9000
RBP=0x000000001beded70 is pointing into the stack for thread: 0x0000000019ab9000
RSI=0x00007ffdd1a72048 is an unknown value
RDI=0x000000001bededc0 is pointing into the stack for thread: 0x0000000019ab9000
R8 =0x0000000000000000 is an unknown value
R9 =0x0000000000000000 is an unknown value
R10=0x0000000000000000 is an unknown value
R11=0x0000000000000000 is an unknown value
R12=0x00000000ffffff29 is an unallocated location in the heap
R13=0x0000000000000000 is an unknown value
R14=0x00007ffdd1a71910 is an unknown value
R15=0x000000001beeef68 is pointing into the stack for thread: 0x0000000019ab9000


Stack: [0x000000001bdf0000,0x000000001bef0000],  sp=0x000000001bedec30,  free space=955k
Native frames: (J=compiled Java code, j=interpreted, Vv=VM code, C=native code)
C  [KERNELBASE.dll+0x17788]
C  [msvcr120.dll+0x5ef63]
C  [opencv_core310.dll+0x19b654]
C  [opencv_core310.dll+0x19b796]
C  [opencv_imgproc310.dll+0x12eb9f]
C  [jniopencv_imgproc.dll+0x1f8ee]
C  0x00000000029c5e34

Java frames: (J=compiled Java code, j=interpreted, Vv=VM code)
j  org.bytedeco.javacpp.opencv_imgproc.cvResize(Lorg/bytedeco/javacpp/helper/opencv_core$CvArr;Lorg/bytedeco/javacpp/helper/opencv_core$CvArr;)V+0
j  HandDetector.update(Lorg/bytedeco/javacpp/opencv_core$IplImage;)V+5
j  HandPanel.run()V+80
j  java.lang.Thread.run()V+11
v  ~StubRoutines::call_stub

---------------  P R O C E S S  ---------------

Java Threads: ( => current thread )
  0x00000000028b5800 JavaThread "DestroyJavaVM" [_thread_blocked, id=8960, stack(0x00000000027b0000,0x00000000028b0000)]
  0x000000001b466800 JavaThread "AWT-EventQueue-0" [_thread_blocked, id=15872, stack(0x000000001bef0000,0x000000001bff0000)]
=>0x0000000019ab9000 JavaThread "Thread-1" [_thread_in_native, id=7404, stack(0x000000001bdf0000,0x000000001bef0000)]
  0x000000001b02f000 JavaThread "JavaCPP Deallocator" daemon [_thread_blocked, id=7984, stack(0x000000001bcf0000,0x000000001bdf0000)]
  0x000000001969f000 JavaThread "AWT-Windows" daemon [_thread_in_native, id=9092, stack(0x000000001a050000,0x000000001a150000)]
  0x000000001969e800 JavaThread "AWT-Shutdown" [_thread_blocked, id=9860, stack(0x0000000019f50000,0x000000001a050000)]
  0x000000001969d800 JavaThread "Java2D Disposer" daemon [_thread_blocked, id=13056, stack(0x0000000019dd0000,0x0000000019ed0000)]
  0x0000000019614000 JavaThread "Monitor Ctrl-Break" daemon [_thread_in_native, id=1884, stack(0x0000000019ba0000,0x0000000019ca0000)]
  0x000000001759e800 JavaThread "Service Thread" daemon [_thread_blocked, id=1352, stack(0x00000000191a0000,0x00000000192a0000)]
  0x0000000017568800 JavaThread "C1 CompilerThread2" daemon [_thread_blocked, id=11960, stack(0x00000000190a0000,0x00000000191a0000)]
  0x0000000017560000 JavaThread "C2 CompilerThread1" daemon [_thread_blocked, id=3932, stack(0x0000000018fa0000,0x00000000190a0000)]
  0x00000000188e3000 JavaThread "C2 CompilerThread0" daemon [_thread_blocked, id=9580, stack(0x0000000018ea0000,0x0000000018fa0000)]
  0x0000000017554000 JavaThread "Attach Listener" daemon [_thread_blocked, id=7032, stack(0x0000000018da0000,0x0000000018ea0000)]
  0x000000001753e800 JavaThread "Signal Dispatcher" daemon [_thread_blocked, id=5520, stack(0x0000000018ca0000,0x0000000018da0000)]
  0x00000000029a6000 JavaThread "Finalizer" daemon [_thread_blocked, id=16136, stack(0x00000000187a0000,0x00000000188a0000)]
  0x00000000029a3800 JavaThread "Reference Handler" daemon [_thread_blocked, id=15696, stack(0x00000000186a0000,0x00000000187a0000)]

Other Threads:
  0x0000000017507000 VMThread [stack: 0x00000000185a0000,0x00000000186a0000] [id=14928]
  0x0000000018939800 WatcherThread [stack: 0x00000000192a0000,0x00000000193a0000] [id=14876]

VM state:not at safepoint (normal execution)

VM Mutex/Monitor currently owned by a thread: None

Heap:
 PSYoungGen      total 38400K, used 19384K [0x00000000d5b00000, 0x00000000d8580000, 0x0000000100000000)
  eden space 33280K, 46% used [0x00000000d5b00000,0x00000000d6a2f628,0x00000000d7b80000)
  from space 5120K, 74% used [0x00000000d7b80000,0x00000000d7f3ea00,0x00000000d8080000)
  to   space 5120K, 0% used [0x00000000d8080000,0x00000000d8080000,0x00000000d8580000)
 ParOldGen       total 87552K, used 16K [0x0000000081000000, 0x0000000086580000, 0x00000000d5b00000)
  object space 87552K, 0% used [0x0000000081000000,0x0000000081004000,0x0000000086580000)
 Metaspace       used 13040K, capacity 13166K, committed 13312K, reserved 1060864K
  class space    used 1445K, capacity 1507K, committed 1536K, reserved 1048576K

Card table byte_map: [0x0000000011d70000,0x0000000012170000] byte_map_base: 0x0000000011968000

Marking Bits: (ParMarkBitMap*) 0x00000000693b4040
 Begin Bits: [0x0000000012820000, 0x00000000147e0000)
 End Bits:   [0x00000000147e0000, 0x00000000167a0000)

Polling page: 0x0000000000aa0000

CodeCache: size=245760Kb used=3903Kb max_used=3919Kb free=241856Kb
 bounds [0x00000000029b0000, 0x0000000002d90000, 0x00000000119b0000]
 total_blobs=1547 nmethods=963 adapters=497
 compilation: enabled

Compilation events (10 events):
Event: 1.899 Thread 0x0000000017568800  960       3       java.util.LinkedHashMap$LinkedKeyIterator::next (8 bytes)
Event: 1.899 Thread 0x0000000017568800 nmethod 960 0x0000000002d710d0 code [0x0000000002d71240, 0x0000000002d714e8]
Event: 1.900 Thread 0x00000000188e3000  961       4       java.lang.String::regionMatches (149 bytes)
Event: 1.913 Thread 0x00000000188e3000 nmethod 961 0x0000000002d751d0 code [0x0000000002d75340, 0x0000000002d75ad8]
Event: 1.915 Thread 0x0000000017568800  962       3       sun.net.util.URLUtil::urlNoFragString (114 bytes)
Event: 1.916 Thread 0x0000000017568800 nmethod 962 0x0000000002d77910 code [0x0000000002d77ba0, 0x0000000002d79068]
Event: 1.917 Thread 0x0000000017568800  963       3       java.io.File::getCanonicalFile (21 bytes)
Event: 1.918 Thread 0x0000000017568800 nmethod 963 0x0000000002d76f50 code [0x0000000002d77120, 0x0000000002d776a8]
Event: 1.923 Thread 0x0000000017560000 nmethod 951% 0x0000000002d827d0 code [0x0000000002d82aa0, 0x0000000002d846c8]
Event: 2.925 Thread 0x0000000017568800  964       3       java.lang.Throwable::<init> (34 bytes)

GC Heap History (2 events):
Event: 1.277 GC heap before
{Heap before GC invocations=1 (full 0):
 PSYoungGen      total 38400K, used 33280K [0x00000000d5b00000, 0x00000000d8580000, 0x0000000100000000)
  eden space 33280K, 100% used [0x00000000d5b00000,0x00000000d7b80000,0x00000000d7b80000)
  from space 5120K, 0% used [0x00000000d8080000,0x00000000d8080000,0x00000000d8580000)
  to   space 5120K, 0% used [0x00000000d7b80000,0x00000000d7b80000,0x00000000d8080000)
 ParOldGen       total 87552K, used 0K [0x0000000081000000, 0x0000000086580000, 0x00000000d5b00000)
  object space 87552K, 0% used [0x0000000081000000,0x0000000081000000,0x0000000086580000)
 Metaspace       used 11676K, capacity 11822K, committed 11904K, reserved 1060864K
  class space    used 1300K, capacity 1379K, committed 1408K, reserved 1048576K
Event: 1.289 GC heap after
Heap after GC invocations=1 (full 0):
 PSYoungGen      total 38400K, used 3834K [0x00000000d5b00000, 0x00000000d8580000, 0x0000000100000000)
  eden space 33280K, 0% used [0x00000000d5b00000,0x00000000d5b00000,0x00000000d7b80000)
  from space 5120K, 74% used [0x00000000d7b80000,0x00000000d7f3ea00,0x00000000d8080000)
  to   space 5120K, 0% used [0x00000000d8080000,0x00000000d8080000,0x00000000d8580000)
 ParOldGen       total 87552K, used 16K [0x0000000081000000, 0x0000000086580000, 0x00000000d5b00000)
  object space 87552K, 0% used [0x0000000081000000,0x0000000081004000,0x0000000086580000)
 Metaspace       used 11676K, capacity 11822K, committed 11904K, reserved 1060864K
  class space    used 1300K, capacity 1379K, committed 1408K, reserved 1048576K
}

Deoptimization events (1 events):
Event: 0.320 Thread 0x00000000028b5800 Uncommon trap: reason=unstable_if action=reinterpret pc=0x0000000002ac5d24 method=java.lang.String.hashCode()I @ 14

Internal exceptions (10 events):
Event: 1.338 Thread 0x0000000019ab9000 Exception <a 'java/lang/UnsatisfiedLinkError'> (0x00000000d5fed640) thrown at [C:\re\workspace\8-2-build-windows-amd64-cygwin\jdk8u51\3951\hotspot\src\share\vm\prims\jni.cpp, line 709]
Event: 1.341 Thread 0x0000000019ab9000 Exception <a 'java/lang/UnsatisfiedLinkError'> (0x00000000d5ff1b58) thrown at [C:\re\workspace\8-2-build-windows-amd64-cygwin\jdk8u51\3951\hotspot\src\share\vm\prims\jvm.cpp, line 3965]
Event: 1.341 Thread 0x0000000019ab9000 Exception <a 'java/lang/UnsatisfiedLinkError'> (0x00000000d5ff1b58) thrown at [C:\re\workspace\8-2-build-windows-amd64-cygwin\jdk8u51\3951\hotspot\src\share\vm\prims\jni.cpp, line 709]
Event: 1.341 Thread 0x0000000019ab9000 Exception <a 'java/lang/UnsatisfiedLinkError'> (0x00000000d5ff2228) thrown at [C:\re\workspace\8-2-build-windows-amd64-cygwin\jdk8u51\3951\hotspot\src\share\vm\oops\instanceKlass.cpp, line 938]
Event: 1.341 Thread 0x0000000019ab9000 Exception <a 'java/lang/reflect/InvocationTargetException'> (0x00000000d5ff2a10) thrown at [C:\re\workspace\8-2-build-windows-amd64-cygwin\jdk8u51\3951\hotspot\src\share\vm\runtime\reflection.cpp, line 1080]
Event: 1.480 Thread 0x0000000019ab9000 Exception <a 'java/lang/UnsatisfiedLinkError'> (0x00000000d630f0b8) thrown at [C:\re\workspace\8-2-build-windows-amd64-cygwin\jdk8u51\3951\hotspot\src\share\vm\oops\instanceKlass.cpp, line 938]
Event: 1.480 Thread 0x0000000019ab9000 Exception <a 'java/lang/reflect/InvocationTargetException'> (0x00000000d630f7f8) thrown at [C:\re\workspace\8-2-build-windows-amd64-cygwin\jdk8u51\3951\hotspot\src\share\vm\runtime\reflection.cpp, line 1080]
Event: 1.493 Thread 0x0000000019ab9000 Exception <a 'java/lang/UnsatisfiedLinkError'> (0x00000000d6399880) thrown at [C:\re\workspace\8-2-build-windows-amd64-cygwin\jdk8u51\3951\hotspot\src\share\vm\oops\instanceKlass.cpp, line 938]
Event: 1.493 Thread 0x0000000019ab9000 Exception <a 'java/lang/reflect/InvocationTargetException'> (0x00000000d6399fb0) thrown at [C:\re\workspace\8-2-build-windows-amd64-cygwin\jdk8u51\3951\hotspot\src\share\vm\runtime\reflection.cpp, line 1080]
Event: 1.495 Thread 0x0000000019ab9000 Exception <a 'java/lang/NoClassDefFoundError': cl/eye/CLCamera> (0x00000000d63b7318) thrown at [C:\re\workspace\8-2-build-windows-amd64-cygwin\jdk8u51\3951\hotspot\src\share\vm\classfile\systemDictionary.cpp, line 199]

Events (10 events):
Event: 1.923 loading class java/util/regex/Pattern$Start
Event: 1.923 loading class java/util/regex/Pattern$Start done
Event: 1.923 loading class java/util/regex/Pattern$TreeInfo
Event: 1.923 loading class java/util/regex/Pattern$TreeInfo done
Event: 1.923 loading class java/util/regex/Matcher
Event: 1.924 loading class java/util/regex/MatchResult
Event: 1.924 loading class java/util/regex/MatchResult done
Event: 1.924 loading class java/util/regex/Matcher done
Event: 1.924 loading class java/util/regex/ASCII
Event: 1.924 loading class java/util/regex/ASCII done


Dynamic libraries:
0x00007ff7e7720000 - 0x00007ff7e7757000 	C:\Program Files\Java\jdk1.8.0_51\bin\java.exe
0x00007ffe06030000 - 0x00007ffe06201000 	C:\WINDOWS\SYSTEM32\ntdll.dll
0x00007ffe05550000 - 0x00007ffe055fb000 	C:\WINDOWS\System32\KERNEL32.DLL
0x00007ffe027c0000 - 0x00007ffe029dd000 	C:\WINDOWS\System32\KERNELBASE.dll
0x00007ffe05190000 - 0x00007ffe05232000 	C:\WINDOWS\System32\ADVAPI32.dll
0x00007ffe05250000 - 0x00007ffe052ee000 	C:\WINDOWS\System32\msvcrt.dll
0x00007ffe05b70000 - 0x00007ffe05bc9000 	C:\WINDOWS\System32\sechost.dll
0x00007ffe04b30000 - 0x00007ffe04c51000 	C:\WINDOWS\System32\RPCRT4.dll
0x00007ffe05600000 - 0x00007ffe05765000 	C:\WINDOWS\System32\USER32.dll
0x00007ffe03130000 - 0x00007ffe0314e000 	C:\WINDOWS\System32\win32u.dll
0x00007ffe04f50000 - 0x00007ffe04f84000 	C:\WINDOWS\System32\GDI32.dll
0x00007ffe02630000 - 0x00007ffe027b2000 	C:\WINDOWS\System32\gdi32full.dll
0x00007ffdfaaf0000 - 0x00007ffdfad69000 	C:\WINDOWS\WinSxS\amd64_microsoft.windows.common-controls_6595b64144ccf1df_6.0.14393.447_none_42191651c6827bb3\COMCTL32.dll
0x00007ffe05830000 - 0x00007ffe05af8000 	C:\WINDOWS\System32\combase.dll
0x00007ffe03420000 - 0x00007ffe03515000 	C:\WINDOWS\System32\ucrtbase.dll
0x00007ffe030c0000 - 0x00007ffe0312a000 	C:\WINDOWS\System32\bcryptPrimitives.dll
0x00007ffe06000000 - 0x00007ffe0602e000 	C:\WINDOWS\System32\IMM32.DLL
0x0000000068ad0000 - 0x0000000068ba2000 	C:\Program Files\Java\jdk1.8.0_51\jre\bin\msvcr100.dll
0x0000000068bb0000 - 0x0000000069433000 	C:\Program Files\Java\jdk1.8.0_51\jre\bin\server\jvm.dll
0x00007ffe05240000 - 0x00007ffe05248000 	C:\WINDOWS\System32\PSAPI.DLL
0x00007ffdff700000 - 0x00007ffdff709000 	C:\WINDOWS\SYSTEM32\WSOCK32.dll
0x00007ffe05b00000 - 0x00007ffe05b6a000 	C:\WINDOWS\System32\WS2_32.dll
0x00007ffe00840000 - 0x00007ffe00863000 	C:\WINDOWS\SYSTEM32\WINMM.dll
0x00007ffdfe050000 - 0x00007ffdfe05a000 	C:\WINDOWS\SYSTEM32\VERSION.dll
0x0000000000780000 - 0x00000000007ab000 	C:\WINDOWS\SYSTEM32\WINMMBASE.dll
0x00007ffe033d0000 - 0x00007ffe03412000 	C:\WINDOWS\System32\cfgmgr32.dll
0x000000006a590000 - 0x000000006a59f000 	C:\Program Files\Java\jdk1.8.0_51\jre\bin\verify.dll
0x000000006a560000 - 0x000000006a589000 	C:\Program Files\Java\jdk1.8.0_51\jre\bin\java.dll
0x000000006a540000 - 0x000000006a556000 	C:\Program Files\Java\jdk1.8.0_51\jre\bin\zip.dll
0x00007ffe035c0000 - 0x00007ffe04ac9000 	C:\WINDOWS\System32\SHELL32.dll
0x00007ffe029e0000 - 0x00007ffe030ba000 	C:\WINDOWS\System32\windows.storage.dll
0x00007ffe02490000 - 0x00007ffe024dc000 	C:\WINDOWS\System32\powrprof.dll
0x00007ffe05130000 - 0x00007ffe05182000 	C:\WINDOWS\System32\shlwapi.dll
0x00007ffe02510000 - 0x00007ffe0251f000 	C:\WINDOWS\System32\kernel.appcore.dll
0x00007ffe02580000 - 0x00007ffe02629000 	C:\WINDOWS\System32\shcore.dll
0x00007ffe024e0000 - 0x00007ffe024f4000 	C:\WINDOWS\System32\profapi.dll
0x00007ffe005c0000 - 0x00007ffe005d0000 	C:\Program Files (x86)\JetBrains\IntelliJ IDEA Community Edition 2016.3.2\bin\breakgen64.dll
0x000000006a160000 - 0x000000006a17a000 	C:\Program Files\Java\jdk1.8.0_51\jre\bin\net.dll
0x00007ffe01d60000 - 0x00007ffe01dbc000 	C:\WINDOWS\system32\mswsock.dll
0x000000006a3a0000 - 0x000000006a538000 	C:\Program Files\Java\jdk1.8.0_51\jre\bin\awt.dll
0x00007ffe05770000 - 0x00007ffe0582f000 	C:\WINDOWS\System32\OLEAUT32.dll
0x00007ffe03520000 - 0x00007ffe035bc000 	C:\WINDOWS\System32\msvcp_win.dll
0x00007ffe00a80000 - 0x00007ffe00afa000 	C:\WINDOWS\SYSTEM32\apphelp.dll
0x00007ffdffec0000 - 0x00007ffdffee6000 	C:\WINDOWS\system32\DWMAPI.DLL
0x00007ffe00c20000 - 0x00007ffe00cb5000 	C:\WINDOWS\system32\uxtheme.dll
0x00007ffe04c60000 - 0x00007ffe04dbb000 	C:\WINDOWS\System32\MSCTF.dll
0x00007ffe05410000 - 0x00007ffe05547000 	C:\WINDOWS\System32\ole32.dll
0x00007ffde0550000 - 0x00007ffde063f000 	C:\Users\Phuwarin Janaphon\.javacpp\cache\opencv-windows-x86_64.jar\org\bytedeco\javacpp\windows-x86_64\msvcr120.dll
0x00007ffde04a0000 - 0x00007ffde0546000 	C:\Users\Phuwarin Janaphon\.javacpp\cache\opencv-windows-x86_64.jar\org\bytedeco\javacpp\windows-x86_64\msvcp120.dll
0x00007ffdd4750000 - 0x00007ffdd49ca000 	C:\Users\Phuwarin Janaphon\.javacpp\cache\opencv-windows-x86_64.jar\org\bytedeco\javacpp\windows-x86_64\opencv_core310.dll
0x00007ffdd1860000 - 0x00007ffdd1ba2000 	C:\Users\Phuwarin Janaphon\.javacpp\cache\opencv-windows-x86_64.jar\org\bytedeco\javacpp\windows-x86_64\opencv_imgproc310.dll
0x00007ffde0270000 - 0x00007ffde0497000 	C:\Users\Phuwarin Janaphon\.javacpp\cache\opencv-windows-x86_64.jar\org\bytedeco\javacpp\windows-x86_64\jniopencv_core.dll
0x000000006a140000 - 0x000000006a151000 	C:\Program Files\Java\jdk1.8.0_51\jre\bin\nio.dll
0x00007ffdd6c10000 - 0x00007ffdd6cfd000 	C:\Users\Phuwarin Janaphon\.javacpp\cache\opencv-windows-x86_64.jar\org\bytedeco\javacpp\windows-x86_64\jniopencv_imgproc.dll
0x00007ffdd1590000 - 0x00007ffdd1859000 	C:\Users\Phuwarin Janaphon\.javacpp\cache\opencv-windows-x86_64.jar\org\bytedeco\javacpp\windows-x86_64\opencv_imgcodecs310.dll
0x00007ffdf87f0000 - 0x00007ffdf8815000 	C:\Users\Phuwarin Janaphon\.javacpp\cache\opencv-windows-x86_64.jar\org\bytedeco\javacpp\windows-x86_64\jniopencv_imgcodecs.dll
0x00007ffdf5460000 - 0x00007ffdf54b3000 	C:\Users\Phuwarin Janaphon\.javacpp\cache\opencv-windows-x86_64.jar\org\bytedeco\javacpp\windows-x86_64\opencv_videoio310.dll
0x00007ffdf7030000 - 0x00007ffdf7059000 	C:\WINDOWS\SYSTEM32\MSVFW32.dll
0x00007ffdf7710000 - 0x00007ffdf7730000 	C:\WINDOWS\SYSTEM32\AVIFIL32.dll
0x00007ffdf6e70000 - 0x00007ffdf6e88000 	C:\WINDOWS\SYSTEM32\AVICAP32.dll
0x00007ffdfb4e0000 - 0x00007ffdfb4fc000 	C:\WINDOWS\SYSTEM32\MSACM32.dll
0x00007ffdf5a60000 - 0x00007ffdf5a77000 	C:\Users\Phuwarin Janaphon\.javacpp\cache\opencv-windows-x86_64.jar\org\bytedeco\javacpp\windows-x86_64\jniopencv_videoio.dll
0x00007ffdf5430000 - 0x00007ffdf545c000 	C:\Users\Phuwarin Janaphon\.javacpp\cache\opencv-windows-x86_64.jar\org\bytedeco\javacpp\windows-x86_64\opencv_highgui310.dll
0x00007ffe04e50000 - 0x00007ffe04f4a000 	C:\WINDOWS\System32\COMDLG32.dll
0x00007ffdf4400000 - 0x00007ffdf4435000 	C:\Users\Phuwarin Janaphon\.javacpp\cache\opencv-windows-x86_64.jar\org\bytedeco\javacpp\windows-x86_64\jniopencv_highgui.dll
0x00007ffdd9600000 - 0x00007ffdd96cd000 	C:\Users\Phuwarin Janaphon\.javacpp\cache\opencv-windows-x86_64.jar\org\bytedeco\javacpp\windows-x86_64\opencv_ml310.dll
0x00007ffdf4350000 - 0x00007ffdf438f000 	C:\Users\Phuwarin Janaphon\.javacpp\cache\opencv-windows-x86_64.jar\org\bytedeco\javacpp\windows-x86_64\jniopencv_ml.dll
0x00007ffdd8d90000 - 0x00007ffdd8e26000 	C:\Users\Phuwarin Janaphon\.javacpp\cache\opencv-windows-x86_64.jar\org\bytedeco\javacpp\windows-x86_64\opencv_objdetect310.dll
0x00007ffdf4180000 - 0x00007ffdf41d4000 	C:\Users\Phuwarin Janaphon\.javacpp\cache\opencv-windows-x86_64.jar\org\bytedeco\javacpp\windows-x86_64\jniopencv_objdetect.dll
0x00007ffdf43d0000 - 0x00007ffdf43f6000 	C:\Users\Phuwarin Janaphon\.javacpp\cache\videoinput-windows-x86_64.jar\org\bytedeco\javacpp\windows-x86_64\jnivideoInputLib.dll
0x000000006a350000 - 0x000000006a397000 	C:\Program Files\Java\jdk1.8.0_51\jre\bin\fontmanager.dll
0x0000000069c00000 - 0x0000000069c42000 	C:\Program Files\Java\jdk1.8.0_51\jre\bin\t2k.dll
0x0000000069b80000 - 0x0000000069b95000 	C:\Users\Phuwarin Janaphon\.javacpp\cache\libfreenect-windows-x86_64.jar\org\bytedeco\javacpp\windows-x86_64\libusb0.dll
0x00007ffe05bd0000 - 0x00007ffe05ff9000 	C:\WINDOWS\System32\SETUPAPI.dll
0x00007ffdddf70000 - 0x00007ffdddfa4000 	C:\Users\Phuwarin Janaphon\.javacpp\cache\libfreenect-windows-x86_64.jar\org\bytedeco\javacpp\windows-x86_64\freenect.dll
0x00007ffdf4330000 - 0x00007ffdf4349000 	C:\Users\Phuwarin Janaphon\.javacpp\cache\libfreenect-windows-x86_64.jar\org\bytedeco\javacpp\windows-x86_64\pthreadVC2.dll
0x00007ffdddf40000 - 0x00007ffdddf64000 	C:\Users\Phuwarin Janaphon\.javacpp\cache\libfreenect-windows-x86_64.jar\org\bytedeco\javacpp\windows-x86_64\jnifreenect.dll
0x00007ffe05300000 - 0x00007ffe0539f000 	C:\WINDOWS\System32\clbcatq.dll
0x00007ffde9bf0000 - 0x00007ffde9c08000 	C:\Windows\System32\devenum.dll
0x00007ffe01840000 - 0x00007ffe01872000 	C:\WINDOWS\SYSTEM32\ntmarta.dll
0x00007ffe010d0000 - 0x00007ffe010f8000 	C:\WINDOWS\SYSTEM32\DEVOBJ.dll
0x00007ffe02520000 - 0x00007ffe02575000 	C:\WINDOWS\System32\WINTRUST.dll
0x00007ffe02500000 - 0x00007ffe02510000 	C:\WINDOWS\System32\MSASN1.dll
0x00007ffe03200000 - 0x00007ffe033c9000 	C:\WINDOWS\System32\CRYPT32.dll
0x00007ffe00590000 - 0x00007ffe0059a000 	C:\WINDOWS\SYSTEM32\msdmo.dll
0x00007ffdddc60000 - 0x00007ffdddc93000 	C:\Windows\System32\qcap.dll
0x00007ffdd1110000 - 0x00007ffdd12d3000 	C:\Windows\System32\quartz.dll
0x00007ffe02070000 - 0x00007ffe0209b000 	C:\Windows\System32\bcrypt.dll
0x00007ffdd9350000 - 0x00007ffdd9398000 	C:\Windows\System32\mfksproxy.dll
0x00007ffdfd940000 - 0x00007ffdfd95c000 	C:\Windows\System32\ATL.DLL
0x00007ffdf88f0000 - 0x00007ffdf893e000 	C:\Windows\System32\MFSENSORGROUP.dll
0x00007ffdfe4d0000 - 0x00007ffdfe638000 	C:\Windows\System32\MFPlat.DLL
0x00007ffdfde70000 - 0x00007ffdfde9e000 	C:\Windows\System32\RTWorkQ.DLL
0x00007ffdd91e0000 - 0x00007ffdd922b000 	C:\Windows\System32\ksproxy.ax
0x00007ffdd64a0000 - 0x00007ffdd662d000 	C:\Windows\System32\d3d9.dll
0x00007ffdfd440000 - 0x00007ffdfd449000 	C:\Windows\System32\ksuser.dll
0x00007ffdf5c80000 - 0x00007ffdf5cc3000 	C:\WINDOWS\SYSTEM32\policymanager.dll
0x00007ffe00e20000 - 0x00007ffe00eb1000 	C:\Windows\System32\msvcp110_win.dll
0x00007ffe005b0000 - 0x00007ffe005bd000 	C:\Windows\System32\vidcap.ax
0x00007ffdd9b50000 - 0x00007ffdd9b75000 	C:\Windows\System32\kswdmcap.ax
0x00007ffdd60c0000 - 0x00007ffdd6223000 	C:\Windows\System32\MFC42.dll
0x00007ffdd59c0000 - 0x00007ffdd5a6f000 	C:\Windows\System32\ODBC32.dll
0x00007ffe019b0000 - 0x00007ffe019ba000 	C:\Windows\System32\DPAPI.dll
0x00007ffdd5510000 - 0x00007ffdd55b3000 	C:\Windows\System32\qedit.dll
0x00007ffdfe120000 - 0x00007ffdfe2ba000 	C:\WINDOWS\WinSxS\amd64_microsoft.windows.gdiplus_6595b64144ccf1df_1.1.14393.321_none_72fe05dd211a5fae\gdiplus.dll
0x00007ffde9ca0000 - 0x00007ffde9d97000 	C:\Windows\System32\DDRAW.dll
0x00007ffdfe060000 - 0x00007ffdfe068000 	C:\Windows\System32\DCIMAN32.dll
0x00007ffdd04b0000 - 0x00007ffdd06c8000 	C:\Program Files (x86)\K-Lite Codec Pack\Filters\DirectVobSub64\vsfilter.dll
0x00007ffdfdfc0000 - 0x00007ffdfe045000 	C:\WINDOWS\SYSTEM32\WINSPOOL.DRV
0x00007ffdf14b0000 - 0x00007ffdf1743000 	C:\WINDOWS\SYSTEM32\WININET.dll
0x00007ffdfdb90000 - 0x00007ffdfdbf5000 	C:\WINDOWS\SYSTEM32\OLEACC.dll
0x00007ffdf7020000 - 0x00007ffdf702c000 	C:\WINDOWS\SYSTEM32\msyuv.dll
0x00007ffdff400000 - 0x00007ffdff592000 	C:\WINDOWS\SYSTEM32\dbghelp.dll

VM Arguments:
jvm_args: -Djava.library.path=C:\opencv-249\opencv\build\java\x64 -Didea.launcher.port=7534 -Didea.launcher.bin.path=C:\Program Files (x86)\JetBrains\IntelliJ IDEA Community Edition 2016.3.2\bin -Dfile.encoding=UTF-8 
java_command: com.intellij.rt.execution.application.AppMain Handy
java_class_path (initial): C:\Program Files\Java\jdk1.8.0_51\jre\lib\charsets.jar;C:\Program Files\Java\jdk1.8.0_51\jre\lib\deploy.jar;C:\Program Files\Java\jdk1.8.0_51\jre\lib\ext\access-bridge-64.jar;C:\Program Files\Java\jdk1.8.0_51\jre\lib\ext\cldrdata.jar;C:\Program Files\Java\jdk1.8.0_51\jre\lib\ext\dnsns.jar;C:\Program Files\Java\jdk1.8.0_51\jre\lib\ext\jaccess.jar;C:\Program Files\Java\jdk1.8.0_51\jre\lib\ext\jfxrt.jar;C:\Program Files\Java\jdk1.8.0_51\jre\lib\ext\localedata.jar;C:\Program Files\Java\jdk1.8.0_51\jre\lib\ext\nashorn.jar;C:\Program Files\Java\jdk1.8.0_51\jre\lib\ext\sunec.jar;C:\Program Files\Java\jdk1.8.0_51\jre\lib\ext\sunjce_provider.jar;C:\Program Files\Java\jdk1.8.0_51\jre\lib\ext\sunmscapi.jar;C:\Program Files\Java\jdk1.8.0_51\jre\lib\ext\sunpkcs11.jar;C:\Program Files\Java\jdk1.8.0_51\jre\lib\ext\zipfs.jar;C:\Program Files\Java\jdk1.8.0_51\jre\lib\javaws.jar;C:\Program Files\Java\jdk1.8.0_51\jre\lib\jce.jar;C:\Program Files\Java\jdk1.8.0_51\jre\lib\jfr.jar;C:\Program Files\Java\jdk1.8.0_51\jre\lib\jfxswt.jar;C:\Program Files\Java\jdk1.8.0_51\jre\lib\jsse.jar;C:\Program Files\Java\jdk1.8.0_51\jre\lib\management-agent.jar;C:\Program Files\Java\jdk1.8.0_51\jre\lib\plugin.jar;C:\Program Files\Java\jdk1.8.0_51\jre\lib\resources.jar;C:\Program Files\Java\jdk1.8.0_51\jre\lib\rt.jar;D:\Users\Phuwarin\IdeaProjects\HandDetectionAndrew\out\production\HandDetectionAndrew;C:\opencv-249\opencv\build\java\opencv-249.jar;D:\javacv-bin\javacpp.jar;D:\javacv-bin\javacv.jar;D:\javacv-bin\javacv-linux-x86.jar;D:\javacv-bin\javacv-android-arm.jar;D:\javacv-bin\javacv-windows-x86.jar;D:\javacv-bin\javacv-linux-x86_64.jar;D:\javacv-bin\javacv-macosx-x86_64.jar;D:\javacv-bin\javacv-windows-x86_64.jar;D:\Users\Phuwarin Janaphon\Downloads\javacv-platform-1.3.1-bin\javacv-bin\javacpp.jar;D:\Users\Phuwarin Janaphon\Downloads\javacv-platform-1.3.1-bin\javacv-bin\ffmpeg.jar;D:\Users\Phuwarin Janaphon\Downloads\javacv-platform-1.3.1-bin\javacv-bin\javacv.jar;D:\Use
Launcher Type: SUN_STANDARD

Environment Variables:
PATH=C:\Perl64\site\bin;C:\Perl64\bin;C:\Program Files (x86)\Intel\iCLS Client\;C:\Program Files\Intel\iCLS Client\;C:\ProgramData\Oracle\Java\javapath;C:\Windows\system32;C:\Windows;C:\Windows\System32\Wbem;C:\Windows\System32\WindowsPowerShell\v1.0\;C:\Program Files (x86)\NVIDIA Corporation\PhysX\Common;C:\Program Files\Common Files\Autodesk Shared\;C:\WINDOWS\system32\config\systemprofile\.dnx\bin;C:\Program Files\Microsoft DNX\Dnvm\;C:\Program Files (x86)\Windows Kits\8.1\Windows Performance Toolkit\;C:\WINDOWS\system32;C:\WINDOWS;C:\WINDOWS\System32\Wbem;C:\WINDOWS\System32\WindowsPowerShell\v1.0\;C:\Program Files\Java\jdk1.8.0_51\bin;C:\Program Files (x86)\Windows Live\Shared;C:\Program Files\7-Zip;C:\Program Files\Intel\Intel(R) Management Engine Components\DAL;C:\Program Files\Intel\Intel(R) Management Engine Components\IPT;C:\Program Files\Mercurial\;C:\Program Files\nodejs\;C:\opencv\build\x64\vc14\bin;C:\GNAT\2015\bin;C:\Users\Phuwarin Janaphon\AppData\Local\Microsoft\WindowsApps;C:\Users\Phuwarin Janaphon\AppData\Local\atom\bin;C:\Users\Phuwarin Janaphon\AppData\Roaming\npm
USERNAME=Phuwarin
OS=Windows_NT
PROCESSOR_IDENTIFIER=Intel64 Family 6 Model 61 Stepping 4, GenuineIntel



---------------  S Y S T E M  ---------------

OS: Windows 10.0 , 64 bit Build 14393 (10.0.14393.0)

CPU:total 4 (2 cores per cpu, 2 threads per core) family 6 model 61 stepping 4, cmov, cx8, fxsr, mmx, sse, sse2, sse3, ssse3, sse4.1, sse4.2, popcnt, avx, avx2, aes, clmul, erms, 3dnowpref, lzcnt, ht, tsc, tscinvbit, bmi1, bmi2, adx

Memory: 4k page, physical 8315244k(3708324k free), swap 10346860k(2885356k free)

vm_info: Java HotSpot(TM) 64-Bit Server VM (25.51-b03) for windows-amd64 JRE (1.8.0_51-b16), built on Jun  8 2015 18:03:07 by "java_re" with MS VC++ 10.0 (VS2010)

time: Sun Jan 29 20:35:30 2017
elapsed time: 3 seconds (0d 0h 0m 3s)

