#
# A fatal error has been detected by the Java Runtime Environment:
#
#  EXCEPTION_UNCAUGHT_CXX_EXCEPTION (0xe06d7363) at pc=0x00007ffe027d7788, pid=2864, tid=3064
#
# JRE version: Java(TM) SE Runtime Environment (8.0_51-b16) (build 1.8.0_51-b16)
# Java VM: Java HotSpot(TM) 64-Bit Server VM (25.51-b03 mixed mode windows-amd64 compressed oops)
# Problematic frame:
# C  [KERNELBASE.dll+0x17788]
#
# Failed to write core dump. Minidumps are not enabled by default on client versions of Windows
#
# If you would like to submit a bug report, please visit:
#   http://bugreport.java.com/bugreport/crash.jsp
# The crash happened outside the Java Virtual Machine in native code.
# See problematic frame for where to report the bug.
#

---------------  T H R E A D  ---------------

Current thread (0x000000001a058800):  JavaThread "Thread-1" [_thread_in_native, id=3064, stack(0x000000001c3c0000,0x000000001c4c0000)]

siginfo: ExceptionCode=0xe06d7363, ExceptionInformation=0x0000000019930520 0x000000001c4aeb50 0x00007ffdda150668 0x00007ffdd9f10000 

Registers:
RAX=0x0000000000000000, RBX=0x00007ffdda150668, RCX=0x0000000000000000, RDX=0x0000000000000000
RSP=0x000000001c4ae9c0, RBP=0x000000001c4aeb00, RSI=0x00007ffdd7df2048, RDI=0x000000001c4aeb50
R8 =0x0000000000000000, R9 =0x0000000000000000, R10=0x0000000000000000, R11=0x0000000000000000
R12=0x00000000ffffff29, R13=0x0000000000000000, R14=0x00007ffdd7df1910, R15=0x000000001c4becf8
RIP=0x00007ffe027d7788, EFLAGS=0x0000000000000206

Top of Stack: (sp=0x000000001c4ae9c0)
0x000000001c4ae9c0:   0000000000000000 00007ffdda150668
0x000000001c4ae9d0:   00007ffdd7df2048 000000001c4aeb50
0x000000001c4ae9e0:   00000001e06d7363 0000000000000000
0x000000001c4ae9f0:   00007ffe027d7788 0000000000000004
0x000000001c4aea00:   0000000019930520 000000001c4aeb50
0x000000001c4aea10:   00007ffdda150668 00007ffdd9f10000
0x000000001c4aea20:   0000000000000000 00000000ffffff29
0x000000001c4aea30:   000000001c4aeb50 00007ffdd7df2048
0x000000001c4aea40:   000000001c4aeb00 00007ffe0607c26f
0x000000001c4aea50:   000000001c4aeb10 00007ffd00000000
0x000000001c4aea60:   000000001c4aeb50 00007ffdde11d306
0x000000001c4aea70:   00007ffdda171000 00007ffdd9f10000
0x000000001c4aea80:   00008831baf707d0 00007ffdde19c4d0
0x000000001c4aea90:   00007ffdda150668 00007ffdde11ef63
0x000000001c4aeaa0:   000000001c4aeb50 00007ffdde0eeb8d
0x000000001c4aeab0:   00007ffdde19c4d0 00007ffdd7df2048 

Instructions: (pc=0x00007ffe027d7788)
0x00007ffe027d7768:   49 8b d1 44 0f 47 c0 44 89 44 24 38 49 c1 e0 03
0x00007ffe027d7778:   e8 07 55 06 00 48 8d 4c 24 20 ff 15 d0 08 13 00
0x00007ffe027d7788:   48 8b 8c 24 c0 00 00 00 48 33 cc e8 98 1a 06 00
0x00007ffe027d7798:   48 81 c4 d8 00 00 00 c3 83 64 24 38 00 eb d6 cc 


Register to memory mapping:

RAX=0x0000000000000000 is an unknown value
RBX=0x00007ffdda150668 is an unknown value
RCX=0x0000000000000000 is an unknown value
RDX=0x0000000000000000 is an unknown value
RSP=0x000000001c4ae9c0 is pointing into the stack for thread: 0x000000001a058800
RBP=0x000000001c4aeb00 is pointing into the stack for thread: 0x000000001a058800
RSI=0x00007ffdd7df2048 is an unknown value
RDI=0x000000001c4aeb50 is pointing into the stack for thread: 0x000000001a058800
R8 =0x0000000000000000 is an unknown value
R9 =0x0000000000000000 is an unknown value
R10=0x0000000000000000 is an unknown value
R11=0x0000000000000000 is an unknown value
R12=0x00000000ffffff29 is an unallocated location in the heap
R13=0x0000000000000000 is an unknown value
R14=0x00007ffdd7df1910 is an unknown value
R15=0x000000001c4becf8 is pointing into the stack for thread: 0x000000001a058800


Stack: [0x000000001c3c0000,0x000000001c4c0000],  sp=0x000000001c4ae9c0,  free space=954k
Native frames: (J=compiled Java code, j=interpreted, Vv=VM code, C=native code)
C  [KERNELBASE.dll+0x17788]
C  [msvcr120.dll+0x5ef63]
C  [opencv_core310.dll+0x19b654]
C  [opencv_core310.dll+0x19b796]
C  [opencv_imgproc310.dll+0x12eb9f]
C  [jniopencv_imgproc.dll+0x1f8ee]
C  0x0000000002f35e34

Java frames: (J=compiled Java code, j=interpreted, Vv=VM code)
j  org.bytedeco.javacpp.opencv_imgproc.cvResize(Lorg/bytedeco/javacpp/helper/opencv_core$CvArr;Lorg/bytedeco/javacpp/helper/opencv_core$CvArr;)V+0
j  HandDetector.update(Lorg/bytedeco/javacpp/opencv_core$IplImage;)V+5
j  HandPanel.run()V+80
j  java.lang.Thread.run()V+11
v  ~StubRoutines::call_stub

---------------  P R O C E S S  ---------------

Java Threads: ( => current thread )
  0x0000000002e25800 JavaThread "DestroyJavaVM" [_thread_blocked, id=7036, stack(0x0000000002d20000,0x0000000002e20000)]
  0x000000001b768000 JavaThread "AWT-EventQueue-0" [_thread_blocked, id=9836, stack(0x000000001c4c0000,0x000000001c5c0000)]
=>0x000000001a058800 JavaThread "Thread-1" [_thread_in_native, id=3064, stack(0x000000001c3c0000,0x000000001c4c0000)]
  0x000000001b010800 JavaThread "JavaCPP Deallocator" daemon [_thread_blocked, id=9384, stack(0x000000001c2c0000,0x000000001c3c0000)]
  0x0000000019d43800 JavaThread "AWT-Windows" daemon [_thread_in_native, id=8880, stack(0x000000001a6f0000,0x000000001a7f0000)]
  0x0000000019d42800 JavaThread "AWT-Shutdown" [_thread_blocked, id=15628, stack(0x000000001a5f0000,0x000000001a6f0000)]
  0x0000000019d40000 JavaThread "Java2D Disposer" daemon [_thread_blocked, id=9444, stack(0x000000001a4f0000,0x000000001a5f0000)]
  0x0000000019c20000 JavaThread "Monitor Ctrl-Break" daemon [_thread_in_native, id=13588, stack(0x000000001a1d0000,0x000000001a2d0000)]
  0x0000000018e6a800 JavaThread "Service Thread" daemon [_thread_blocked, id=6360, stack(0x0000000019700000,0x0000000019800000)]
  0x0000000018e57800 JavaThread "C1 CompilerThread2" daemon [_thread_blocked, id=10960, stack(0x0000000019600000,0x0000000019700000)]
  0x0000000017b0c800 JavaThread "C2 CompilerThread1" daemon [_thread_blocked, id=5088, stack(0x0000000019500000,0x0000000019600000)]
  0x0000000018e42800 JavaThread "C2 CompilerThread0" daemon [_thread_blocked, id=6068, stack(0x0000000019400000,0x0000000019500000)]
  0x0000000017ac2800 JavaThread "Attach Listener" daemon [_thread_blocked, id=14384, stack(0x0000000019300000,0x0000000019400000)]
  0x0000000017acd800 JavaThread "Signal Dispatcher" daemon [_thread_blocked, id=5488, stack(0x0000000019200000,0x0000000019300000)]
  0x0000000002f1b800 JavaThread "Finalizer" daemon [_thread_blocked, id=12404, stack(0x0000000018d00000,0x0000000018e00000)]
  0x0000000002f13800 JavaThread "Reference Handler" daemon [_thread_blocked, id=15264, stack(0x0000000018c00000,0x0000000018d00000)]

Other Threads:
  0x0000000017a77000 VMThread [stack: 0x0000000018b00000,0x0000000018c00000] [id=7952]
  0x0000000018e6b800 WatcherThread [stack: 0x0000000019800000,0x0000000019900000] [id=15576]

VM state:not at safepoint (normal execution)

VM Mutex/Monitor currently owned by a thread: None

Heap:
 PSYoungGen      total 38400K, used 18831K [0x00000000d5b00000, 0x00000000da600000, 0x0000000100000000)
  eden space 33280K, 45% used [0x00000000d5b00000,0x00000000d69a85a0,0x00000000d7b80000)
  from space 5120K, 74% used [0x00000000d7b80000,0x00000000d7f3b8d8,0x00000000d8080000)
  to   space 5120K, 0% used [0x00000000da100000,0x00000000da100000,0x00000000da600000)
 ParOldGen       total 87552K, used 16K [0x0000000081000000, 0x0000000086580000, 0x00000000d5b00000)
  object space 87552K, 0% used [0x0000000081000000,0x0000000081004000,0x0000000086580000)
 Metaspace       used 13010K, capacity 13154K, committed 13312K, reserved 1060864K
  class space    used 1442K, capacity 1507K, committed 1536K, reserved 1048576K

Card table byte_map: [0x00000000122e0000,0x00000000126e0000] byte_map_base: 0x0000000011ed8000

Marking Bits: (ParMarkBitMap*) 0x0000000068d74040
 Begin Bits: [0x0000000012d90000, 0x0000000014d50000)
 End Bits:   [0x0000000014d50000, 0x0000000016d10000)

Polling page: 0x0000000000e60000

CodeCache: size=245760Kb used=3873Kb max_used=3890Kb free=241886Kb
 bounds [0x0000000002f20000, 0x00000000032f0000, 0x0000000011f20000]
 total_blobs=1540 nmethods=958 adapters=495
 compilation: enabled

Compilation events (10 events):
Event: 1.763 Thread 0x0000000018e57800  955       3       java.util.LinkedHashMap$LinkedHashIterator::nextNode (54 bytes)
Event: 1.764 Thread 0x0000000018e57800 nmethod 955 0x00000000032ceb10 code [0x00000000032ceca0, 0x00000000032cef98]
Event: 1.764 Thread 0x0000000018e57800  956       3       java.util.LinkedHashMap$LinkedKeyIterator::next (8 bytes)
Event: 1.764 Thread 0x0000000018e57800 nmethod 956 0x00000000032e1390 code [0x00000000032e1500, 0x00000000032e17a8]
Event: 1.765 Thread 0x0000000018e57800  957       3       sun.net.util.URLUtil::urlNoFragString (114 bytes)
Event: 1.766 Thread 0x0000000018e57800 nmethod 957 0x00000000032df510 code [0x00000000032df7a0, 0x00000000032e0c68]
Event: 1.766 Thread 0x0000000018e57800  958       3       java.io.File::getCanonicalFile (21 bytes)
Event: 1.767 Thread 0x0000000018e57800 nmethod 958 0x00000000032deb50 code [0x00000000032ded20, 0x00000000032df2a8]
Event: 1.865 Thread 0x0000000018e42800 nmethod 953 0x00000000032ea7d0 code [0x00000000032eaae0, 0x00000000032ecc48]
Event: 2.772 Thread 0x0000000018e57800  959       3       java.lang.Throwable::<init> (34 bytes)

GC Heap History (2 events):
Event: 1.221 GC heap before
{Heap before GC invocations=1 (full 0):
 PSYoungGen      total 38400K, used 33280K [0x00000000d5b00000, 0x00000000d8580000, 0x0000000100000000)
  eden space 33280K, 100% used [0x00000000d5b00000,0x00000000d7b80000,0x00000000d7b80000)
  from space 5120K, 0% used [0x00000000d8080000,0x00000000d8080000,0x00000000d8580000)
  to   space 5120K, 0% used [0x00000000d7b80000,0x00000000d7b80000,0x00000000d8080000)
 ParOldGen       total 87552K, used 0K [0x0000000081000000, 0x0000000086580000, 0x00000000d5b00000)
  object space 87552K, 0% used [0x0000000081000000,0x0000000081000000,0x0000000086580000)
 Metaspace       used 11691K, capacity 11874K, committed 11904K, reserved 1060864K
  class space    used 1307K, capacity 1379K, committed 1408K, reserved 1048576K
Event: 1.235 GC heap after
Heap after GC invocations=1 (full 0):
 PSYoungGen      total 38400K, used 3822K [0x00000000d5b00000, 0x00000000da600000, 0x0000000100000000)
  eden space 33280K, 0% used [0x00000000d5b00000,0x00000000d5b00000,0x00000000d7b80000)
  from space 5120K, 74% used [0x00000000d7b80000,0x00000000d7f3b8d8,0x00000000d8080000)
  to   space 5120K, 0% used [0x00000000da100000,0x00000000da100000,0x00000000da600000)
 ParOldGen       total 87552K, used 16K [0x0000000081000000, 0x0000000086580000, 0x00000000d5b00000)
  object space 87552K, 0% used [0x0000000081000000,0x0000000081004000,0x0000000086580000)
 Metaspace       used 11691K, capacity 11874K, committed 11904K, reserved 1060864K
  class space    used 1307K, capacity 1379K, committed 1408K, reserved 1048576K
}

Deoptimization events (1 events):
Event: 0.294 Thread 0x0000000002e25800 Uncommon trap: reason=unstable_if action=reinterpret pc=0x00000000030366a4 method=java.lang.String.hashCode()I @ 14

Internal exceptions (10 events):
Event: 1.325 Thread 0x000000001a058800 Exception <a 'java/lang/UnsatisfiedLinkError'> (0x00000000d5f794e8) thrown at [C:\re\workspace\8-2-build-windows-amd64-cygwin\jdk8u51\3951\hotspot\src\share\vm\prims\jni.cpp, line 709]
Event: 1.328 Thread 0x000000001a058800 Exception <a 'java/lang/UnsatisfiedLinkError'> (0x00000000d5f7da00) thrown at [C:\re\workspace\8-2-build-windows-amd64-cygwin\jdk8u51\3951\hotspot\src\share\vm\prims\jvm.cpp, line 3965]
Event: 1.328 Thread 0x000000001a058800 Exception <a 'java/lang/UnsatisfiedLinkError'> (0x00000000d5f7da00) thrown at [C:\re\workspace\8-2-build-windows-amd64-cygwin\jdk8u51\3951\hotspot\src\share\vm\prims\jni.cpp, line 709]
Event: 1.328 Thread 0x000000001a058800 Exception <a 'java/lang/UnsatisfiedLinkError'> (0x00000000d5f7e0d0) thrown at [C:\re\workspace\8-2-build-windows-amd64-cygwin\jdk8u51\3951\hotspot\src\share\vm\oops\instanceKlass.cpp, line 938]
Event: 1.328 Thread 0x000000001a058800 Exception <a 'java/lang/reflect/InvocationTargetException'> (0x00000000d5f7e8b8) thrown at [C:\re\workspace\8-2-build-windows-amd64-cygwin\jdk8u51\3951\hotspot\src\share\vm\runtime\reflection.cpp, line 1080]
Event: 1.385 Thread 0x000000001a058800 Exception <a 'java/lang/UnsatisfiedLinkError'> (0x00000000d629b798) thrown at [C:\re\workspace\8-2-build-windows-amd64-cygwin\jdk8u51\3951\hotspot\src\share\vm\oops\instanceKlass.cpp, line 938]
Event: 1.385 Thread 0x000000001a058800 Exception <a 'java/lang/reflect/InvocationTargetException'> (0x00000000d629bed8) thrown at [C:\re\workspace\8-2-build-windows-amd64-cygwin\jdk8u51\3951\hotspot\src\share\vm\runtime\reflection.cpp, line 1080]
Event: 1.402 Thread 0x000000001a058800 Exception <a 'java/lang/UnsatisfiedLinkError'> (0x00000000d6326128) thrown at [C:\re\workspace\8-2-build-windows-amd64-cygwin\jdk8u51\3951\hotspot\src\share\vm\oops\instanceKlass.cpp, line 938]
Event: 1.402 Thread 0x000000001a058800 Exception <a 'java/lang/reflect/InvocationTargetException'> (0x00000000d6326858) thrown at [C:\re\workspace\8-2-build-windows-amd64-cygwin\jdk8u51\3951\hotspot\src\share\vm\runtime\reflection.cpp, line 1080]
Event: 1.405 Thread 0x000000001a058800 Exception <a 'java/lang/NoClassDefFoundError': cl/eye/CLCamera> (0x00000000d6344370) thrown at [C:\re\workspace\8-2-build-windows-amd64-cygwin\jdk8u51\3951\hotspot\src\share\vm\classfile\systemDictionary.cpp, line 199]

Events (10 events):
Event: 1.770 loading class java/util/regex/Pattern$Start
Event: 1.770 loading class java/util/regex/Pattern$Start done
Event: 1.770 loading class java/util/regex/Pattern$TreeInfo
Event: 1.770 loading class java/util/regex/Pattern$TreeInfo done
Event: 1.770 loading class java/util/regex/Matcher
Event: 1.770 loading class java/util/regex/MatchResult
Event: 1.770 loading class java/util/regex/MatchResult done
Event: 1.770 loading class java/util/regex/Matcher done
Event: 1.770 loading class java/util/regex/ASCII
Event: 1.771 loading class java/util/regex/ASCII done


Dynamic libraries:
0x00007ff67f1b0000 - 0x00007ff67f1e7000 	C:\Program Files\Java\jdk1.8.0_51\bin\java.exe
0x00007ffe06030000 - 0x00007ffe06201000 	C:\WINDOWS\SYSTEM32\ntdll.dll
0x00007ffe05550000 - 0x00007ffe055fb000 	C:\WINDOWS\System32\KERNEL32.DLL
0x00007ffe027c0000 - 0x00007ffe029dd000 	C:\WINDOWS\System32\KERNELBASE.dll
0x00007ffe05190000 - 0x00007ffe05232000 	C:\WINDOWS\System32\ADVAPI32.dll
0x00007ffe05250000 - 0x00007ffe052ee000 	C:\WINDOWS\System32\msvcrt.dll
0x00007ffe05b70000 - 0x00007ffe05bc9000 	C:\WINDOWS\System32\sechost.dll
0x00007ffe04b30000 - 0x00007ffe04c51000 	C:\WINDOWS\System32\RPCRT4.dll
0x00007ffe05600000 - 0x00007ffe05765000 	C:\WINDOWS\System32\USER32.dll
0x00007ffe03130000 - 0x00007ffe0314e000 	C:\WINDOWS\System32\win32u.dll
0x00007ffe04f50000 - 0x00007ffe04f84000 	C:\WINDOWS\System32\GDI32.dll
0x00007ffe02630000 - 0x00007ffe027b2000 	C:\WINDOWS\System32\gdi32full.dll
0x00007ffdfaaf0000 - 0x00007ffdfad69000 	C:\WINDOWS\WinSxS\amd64_microsoft.windows.common-controls_6595b64144ccf1df_6.0.14393.447_none_42191651c6827bb3\COMCTL32.dll
0x00007ffe05830000 - 0x00007ffe05af8000 	C:\WINDOWS\System32\combase.dll
0x00007ffe03420000 - 0x00007ffe03515000 	C:\WINDOWS\System32\ucrtbase.dll
0x00007ffe030c0000 - 0x00007ffe0312a000 	C:\WINDOWS\System32\bcryptPrimitives.dll
0x00007ffe06000000 - 0x00007ffe0602e000 	C:\WINDOWS\System32\IMM32.DLL
0x0000000069360000 - 0x0000000069432000 	C:\Program Files\Java\jdk1.8.0_51\jre\bin\msvcr100.dll
0x0000000068570000 - 0x0000000068df3000 	C:\Program Files\Java\jdk1.8.0_51\jre\bin\server\jvm.dll
0x00007ffe05240000 - 0x00007ffe05248000 	C:\WINDOWS\System32\PSAPI.DLL
0x00007ffdff700000 - 0x00007ffdff709000 	C:\WINDOWS\SYSTEM32\WSOCK32.dll
0x00007ffe05b00000 - 0x00007ffe05b6a000 	C:\WINDOWS\System32\WS2_32.dll
0x00007ffe00840000 - 0x00007ffe00863000 	C:\WINDOWS\SYSTEM32\WINMM.dll
0x00007ffdfe050000 - 0x00007ffdfe05a000 	C:\WINDOWS\SYSTEM32\VERSION.dll
0x00007ffe00560000 - 0x00007ffe0058b000 	C:\WINDOWS\SYSTEM32\WINMMBASE.dll
0x00007ffe033d0000 - 0x00007ffe03412000 	C:\WINDOWS\System32\cfgmgr32.dll
0x000000006a590000 - 0x000000006a59f000 	C:\Program Files\Java\jdk1.8.0_51\jre\bin\verify.dll
0x000000006a560000 - 0x000000006a589000 	C:\Program Files\Java\jdk1.8.0_51\jre\bin\java.dll
0x000000006a540000 - 0x000000006a556000 	C:\Program Files\Java\jdk1.8.0_51\jre\bin\zip.dll
0x00007ffe035c0000 - 0x00007ffe04ac9000 	C:\WINDOWS\System32\SHELL32.dll
0x00007ffe029e0000 - 0x00007ffe030ba000 	C:\WINDOWS\System32\windows.storage.dll
0x00007ffe02490000 - 0x00007ffe024dc000 	C:\WINDOWS\System32\powrprof.dll
0x00007ffe05130000 - 0x00007ffe05182000 	C:\WINDOWS\System32\shlwapi.dll
0x00007ffe02510000 - 0x00007ffe0251f000 	C:\WINDOWS\System32\kernel.appcore.dll
0x00007ffe02580000 - 0x00007ffe02629000 	C:\WINDOWS\System32\shcore.dll
0x00007ffe024e0000 - 0x00007ffe024f4000 	C:\WINDOWS\System32\profapi.dll
0x00007ffdff5d0000 - 0x00007ffdff5e0000 	C:\Program Files (x86)\JetBrains\IntelliJ IDEA Community Edition 2016.3.2\bin\breakgen64.dll
0x000000006a160000 - 0x000000006a17a000 	C:\Program Files\Java\jdk1.8.0_51\jre\bin\net.dll
0x00007ffe01d60000 - 0x00007ffe01dbc000 	C:\WINDOWS\system32\mswsock.dll
0x000000006a3a0000 - 0x000000006a538000 	C:\Program Files\Java\jdk1.8.0_51\jre\bin\awt.dll
0x00007ffe05770000 - 0x00007ffe0582f000 	C:\WINDOWS\System32\OLEAUT32.dll
0x00007ffe03520000 - 0x00007ffe035bc000 	C:\WINDOWS\System32\msvcp_win.dll
0x00007ffe00a80000 - 0x00007ffe00afa000 	C:\WINDOWS\SYSTEM32\apphelp.dll
0x00007ffdffec0000 - 0x00007ffdffee6000 	C:\WINDOWS\system32\DWMAPI.DLL
0x00007ffe00c20000 - 0x00007ffe00cb5000 	C:\WINDOWS\system32\uxtheme.dll
0x00007ffe04c60000 - 0x00007ffe04dbb000 	C:\WINDOWS\System32\MSCTF.dll
0x00007ffe05410000 - 0x00007ffe05547000 	C:\WINDOWS\System32\ole32.dll
0x00007ffdde0c0000 - 0x00007ffdde1af000 	C:\Users\Phuwarin Janaphon\.javacpp\cache\opencv-windows-x86_64.jar\org\bytedeco\javacpp\windows-x86_64\msvcr120.dll
0x00007ffdef580000 - 0x00007ffdef626000 	C:\Users\Phuwarin Janaphon\.javacpp\cache\opencv-windows-x86_64.jar\org\bytedeco\javacpp\windows-x86_64\msvcp120.dll
0x00007ffdd9f10000 - 0x00007ffdda18a000 	C:\Users\Phuwarin Janaphon\.javacpp\cache\opencv-windows-x86_64.jar\org\bytedeco\javacpp\windows-x86_64\opencv_core310.dll
0x00007ffdd7be0000 - 0x00007ffdd7f22000 	C:\Users\Phuwarin Janaphon\.javacpp\cache\opencv-windows-x86_64.jar\org\bytedeco\javacpp\windows-x86_64\opencv_imgproc310.dll
0x00007ffdd78b0000 - 0x00007ffdd7ad7000 	C:\Users\Phuwarin Janaphon\.javacpp\cache\opencv-windows-x86_64.jar\org\bytedeco\javacpp\windows-x86_64\jniopencv_core.dll
0x000000006a140000 - 0x000000006a151000 	C:\Program Files\Java\jdk1.8.0_51\jre\bin\nio.dll
0x00007ffdd8a00000 - 0x00007ffdd8aed000 	C:\Users\Phuwarin Janaphon\.javacpp\cache\opencv-windows-x86_64.jar\org\bytedeco\javacpp\windows-x86_64\jniopencv_imgproc.dll
0x00007ffdd75e0000 - 0x00007ffdd78a9000 	C:\Users\Phuwarin Janaphon\.javacpp\cache\opencv-windows-x86_64.jar\org\bytedeco\javacpp\windows-x86_64\opencv_imgcodecs310.dll
0x00007ffdf8800000 - 0x00007ffdf8825000 	C:\Users\Phuwarin Janaphon\.javacpp\cache\opencv-windows-x86_64.jar\org\bytedeco\javacpp\windows-x86_64\jniopencv_imgcodecs.dll
0x00007ffdf4090000 - 0x00007ffdf40e3000 	C:\Users\Phuwarin Janaphon\.javacpp\cache\opencv-windows-x86_64.jar\org\bytedeco\javacpp\windows-x86_64\opencv_videoio310.dll
0x00007ffdf6db0000 - 0x00007ffdf6dd9000 	C:\WINDOWS\SYSTEM32\MSVFW32.dll
0x00007ffdfb370000 - 0x00007ffdfb390000 	C:\WINDOWS\SYSTEM32\AVIFIL32.dll
0x00007ffdf87a0000 - 0x00007ffdf87b8000 	C:\WINDOWS\SYSTEM32\AVICAP32.dll
0x00007ffdf6d90000 - 0x00007ffdf6dac000 	C:\WINDOWS\SYSTEM32\MSACM32.dll
0x00007ffdf7d00000 - 0x00007ffdf7d17000 	C:\Users\Phuwarin Janaphon\.javacpp\cache\opencv-windows-x86_64.jar\org\bytedeco\javacpp\windows-x86_64\jniopencv_videoio.dll
0x00007ffdf5750000 - 0x00007ffdf577c000 	C:\Users\Phuwarin Janaphon\.javacpp\cache\opencv-windows-x86_64.jar\org\bytedeco\javacpp\windows-x86_64\opencv_highgui310.dll
0x00007ffe04e50000 - 0x00007ffe04f4a000 	C:\WINDOWS\System32\COMDLG32.dll
0x00007ffde5140000 - 0x00007ffde5175000 	C:\Users\Phuwarin Janaphon\.javacpp\cache\opencv-windows-x86_64.jar\org\bytedeco\javacpp\windows-x86_64\jniopencv_highgui.dll
0x00007ffdd9e40000 - 0x00007ffdd9f0d000 	C:\Users\Phuwarin Janaphon\.javacpp\cache\opencv-windows-x86_64.jar\org\bytedeco\javacpp\windows-x86_64\opencv_ml310.dll
0x00007ffde48f0000 - 0x00007ffde492f000 	C:\Users\Phuwarin Janaphon\.javacpp\cache\opencv-windows-x86_64.jar\org\bytedeco\javacpp\windows-x86_64\jniopencv_ml.dll
0x00007ffdd9c20000 - 0x00007ffdd9cb6000 	C:\Users\Phuwarin Janaphon\.javacpp\cache\opencv-windows-x86_64.jar\org\bytedeco\javacpp\windows-x86_64\opencv_objdetect310.dll
0x00007ffde4890000 - 0x00007ffde48e4000 	C:\Users\Phuwarin Janaphon\.javacpp\cache\opencv-windows-x86_64.jar\org\bytedeco\javacpp\windows-x86_64\jniopencv_objdetect.dll
0x00007ffdef3c0000 - 0x00007ffdef3e6000 	C:\Users\Phuwarin Janaphon\.javacpp\cache\videoinput-windows-x86_64.jar\org\bytedeco\javacpp\windows-x86_64\jnivideoInputLib.dll
0x000000006a350000 - 0x000000006a397000 	C:\Program Files\Java\jdk1.8.0_51\jre\bin\fontmanager.dll
0x0000000069c00000 - 0x0000000069c42000 	C:\Program Files\Java\jdk1.8.0_51\jre\bin\t2k.dll
0x0000000069b80000 - 0x0000000069b95000 	C:\Users\Phuwarin Janaphon\.javacpp\cache\libfreenect-windows-x86_64.jar\org\bytedeco\javacpp\windows-x86_64\libusb0.dll
0x00007ffe05bd0000 - 0x00007ffe05ff9000 	C:\WINDOWS\System32\SETUPAPI.dll
0x00007ffde47d0000 - 0x00007ffde4804000 	C:\Users\Phuwarin Janaphon\.javacpp\cache\libfreenect-windows-x86_64.jar\org\bytedeco\javacpp\windows-x86_64\freenect.dll
0x00007ffdf4420000 - 0x00007ffdf4439000 	C:\Users\Phuwarin Janaphon\.javacpp\cache\libfreenect-windows-x86_64.jar\org\bytedeco\javacpp\windows-x86_64\pthreadVC2.dll
0x00007ffde6420000 - 0x00007ffde6444000 	C:\Users\Phuwarin Janaphon\.javacpp\cache\libfreenect-windows-x86_64.jar\org\bytedeco\javacpp\windows-x86_64\jnifreenect.dll
0x00007ffe05300000 - 0x00007ffe0539f000 	C:\WINDOWS\System32\clbcatq.dll
0x00007ffdf43e0000 - 0x00007ffdf43f8000 	C:\Windows\System32\devenum.dll
0x00007ffe01840000 - 0x00007ffe01872000 	C:\WINDOWS\SYSTEM32\ntmarta.dll
0x00007ffe010d0000 - 0x00007ffe010f8000 	C:\WINDOWS\SYSTEM32\DEVOBJ.dll
0x00007ffe02520000 - 0x00007ffe02575000 	C:\WINDOWS\System32\WINTRUST.dll
0x00007ffe02500000 - 0x00007ffe02510000 	C:\WINDOWS\System32\MSASN1.dll
0x00007ffe03200000 - 0x00007ffe033c9000 	C:\WINDOWS\System32\CRYPT32.dll
0x00007ffdff2b0000 - 0x00007ffdff2ba000 	C:\WINDOWS\SYSTEM32\msdmo.dll
0x00007ffde4790000 - 0x00007ffde47c3000 	C:\Windows\System32\qcap.dll
0x00007ffdd71b0000 - 0x00007ffdd7373000 	C:\Windows\System32\quartz.dll
0x00007ffe02070000 - 0x00007ffe0209b000 	C:\Windows\System32\bcrypt.dll
0x00007ffde03b0000 - 0x00007ffde03f8000 	C:\Windows\System32\mfksproxy.dll
0x00007ffdfd940000 - 0x00007ffdfd95c000 	C:\Windows\System32\ATL.DLL
0x00007ffdd9af0000 - 0x00007ffdd9b3e000 	C:\Windows\System32\MFSENSORGROUP.dll
0x00007ffdfe4d0000 - 0x00007ffdfe638000 	C:\Windows\System32\MFPlat.DLL
0x00007ffdfde70000 - 0x00007ffdfde9e000 	C:\Windows\System32\RTWorkQ.DLL
0x00007ffdd97c0000 - 0x00007ffdd980b000 	C:\Windows\System32\ksproxy.ax
0x00007ffdd7020000 - 0x00007ffdd71ad000 	C:\Windows\System32\d3d9.dll
0x00007ffdfd440000 - 0x00007ffdfd449000 	C:\Windows\System32\ksuser.dll
0x00007ffdf5c80000 - 0x00007ffdf5cc3000 	C:\WINDOWS\SYSTEM32\policymanager.dll
0x00007ffe00e20000 - 0x00007ffe00eb1000 	C:\Windows\System32\msvcp110_win.dll
0x00007ffdfe060000 - 0x00007ffdfe06d000 	C:\Windows\System32\vidcap.ax
0x00007ffde5110000 - 0x00007ffde5135000 	C:\Windows\System32\kswdmcap.ax
0x00007ffdd6eb0000 - 0x00007ffdd7013000 	C:\Windows\System32\MFC42.dll
0x00007ffdd8950000 - 0x00007ffdd89ff000 	C:\Windows\System32\ODBC32.dll
0x00007ffe019b0000 - 0x00007ffe019ba000 	C:\Windows\System32\DPAPI.dll
0x00007ffdd8280000 - 0x00007ffdd8323000 	C:\Windows\System32\qedit.dll
0x00007ffdfe120000 - 0x00007ffdfe2ba000 	C:\WINDOWS\WinSxS\amd64_microsoft.windows.gdiplus_6595b64144ccf1df_1.1.14393.321_none_72fe05dd211a5fae\gdiplus.dll
0x00007ffdec860000 - 0x00007ffdec957000 	C:\Windows\System32\DDRAW.dll
0x00007ffdf6bd0000 - 0x00007ffdf6bd8000 	C:\Windows\System32\DCIMAN32.dll
0x00007ffdd6840000 - 0x00007ffdd6a58000 	C:\Program Files (x86)\K-Lite Codec Pack\Filters\DirectVobSub64\vsfilter.dll
0x00007ffdfdfc0000 - 0x00007ffdfe045000 	C:\WINDOWS\SYSTEM32\WINSPOOL.DRV
0x00007ffdff710000 - 0x00007ffdff775000 	C:\WINDOWS\SYSTEM32\OLEACC.dll
0x00007ffdf14b0000 - 0x00007ffdf1743000 	C:\WINDOWS\SYSTEM32\WININET.dll
0x00007ffdfd9f0000 - 0x00007ffdfd9fc000 	C:\WINDOWS\SYSTEM32\msyuv.dll
0x00007ffdff400000 - 0x00007ffdff592000 	C:\WINDOWS\SYSTEM32\dbghelp.dll

VM Arguments:
jvm_args: -Djava.library.path=C:\opencv-249\opencv\build\java\x64 -Didea.launcher.port=7532 -Didea.launcher.bin.path=C:\Program Files (x86)\JetBrains\IntelliJ IDEA Community Edition 2016.3.2\bin -Dfile.encoding=UTF-8 
java_command: com.intellij.rt.execution.application.AppMain Handy
java_class_path (initial): C:\Program Files\Java\jdk1.8.0_51\jre\lib\charsets.jar;C:\Program Files\Java\jdk1.8.0_51\jre\lib\deploy.jar;C:\Program Files\Java\jdk1.8.0_51\jre\lib\ext\access-bridge-64.jar;C:\Program Files\Java\jdk1.8.0_51\jre\lib\ext\cldrdata.jar;C:\Program Files\Java\jdk1.8.0_51\jre\lib\ext\dnsns.jar;C:\Program Files\Java\jdk1.8.0_51\jre\lib\ext\jaccess.jar;C:\Program Files\Java\jdk1.8.0_51\jre\lib\ext\jfxrt.jar;C:\Program Files\Java\jdk1.8.0_51\jre\lib\ext\localedata.jar;C:\Program Files\Java\jdk1.8.0_51\jre\lib\ext\nashorn.jar;C:\Program Files\Java\jdk1.8.0_51\jre\lib\ext\sunec.jar;C:\Program Files\Java\jdk1.8.0_51\jre\lib\ext\sunjce_provider.jar;C:\Program Files\Java\jdk1.8.0_51\jre\lib\ext\sunmscapi.jar;C:\Program Files\Java\jdk1.8.0_51\jre\lib\ext\sunpkcs11.jar;C:\Program Files\Java\jdk1.8.0_51\jre\lib\ext\zipfs.jar;C:\Program Files\Java\jdk1.8.0_51\jre\lib\javaws.jar;C:\Program Files\Java\jdk1.8.0_51\jre\lib\jce.jar;C:\Program Files\Java\jdk1.8.0_51\jre\lib\jfr.jar;C:\Program Files\Java\jdk1.8.0_51\jre\lib\jfxswt.jar;C:\Program Files\Java\jdk1.8.0_51\jre\lib\jsse.jar;C:\Program Files\Java\jdk1.8.0_51\jre\lib\management-agent.jar;C:\Program Files\Java\jdk1.8.0_51\jre\lib\plugin.jar;C:\Program Files\Java\jdk1.8.0_51\jre\lib\resources.jar;C:\Program Files\Java\jdk1.8.0_51\jre\lib\rt.jar;D:\Users\Phuwarin\IdeaProjects\HandDetectionAndrew\out\production\HandDetectionAndrew;C:\opencv-249\opencv\build\java\opencv-249.jar;D:\javacv-bin\javacpp.jar;D:\javacv-bin\javacv.jar;D:\javacv-bin\javacv-linux-x86.jar;D:\javacv-bin\javacv-android-arm.jar;D:\javacv-bin\javacv-windows-x86.jar;D:\javacv-bin\javacv-linux-x86_64.jar;D:\javacv-bin\javacv-macosx-x86_64.jar;D:\javacv-bin\javacv-windows-x86_64.jar;D:\Users\Phuwarin Janaphon\Downloads\javacv-platform-1.3.1-bin\javacv-bin\javacpp.jar;D:\Users\Phuwarin Janaphon\Downloads\javacv-platform-1.3.1-bin\javacv-bin\ffmpeg.jar;D:\Users\Phuwarin Janaphon\Downloads\javacv-platform-1.3.1-bin\javacv-bin\javacv.jar;D:\Use
Launcher Type: SUN_STANDARD

Environment Variables:
PATH=C:\Perl64\site\bin;C:\Perl64\bin;C:\Program Files (x86)\Intel\iCLS Client\;C:\Program Files\Intel\iCLS Client\;C:\ProgramData\Oracle\Java\javapath;C:\Windows\system32;C:\Windows;C:\Windows\System32\Wbem;C:\Windows\System32\WindowsPowerShell\v1.0\;C:\Program Files (x86)\NVIDIA Corporation\PhysX\Common;C:\Program Files\Common Files\Autodesk Shared\;C:\WINDOWS\system32\config\systemprofile\.dnx\bin;C:\Program Files\Microsoft DNX\Dnvm\;C:\Program Files (x86)\Windows Kits\8.1\Windows Performance Toolkit\;C:\WINDOWS\system32;C:\WINDOWS;C:\WINDOWS\System32\Wbem;C:\WINDOWS\System32\WindowsPowerShell\v1.0\;C:\Program Files\Java\jdk1.8.0_51\bin;C:\Program Files (x86)\Windows Live\Shared;C:\Program Files\7-Zip;C:\Program Files\Intel\Intel(R) Management Engine Components\DAL;C:\Program Files\Intel\Intel(R) Management Engine Components\IPT;C:\Program Files\Mercurial\;C:\Program Files\nodejs\;C:\opencv\build\x64\vc14\bin;C:\GNAT\2015\bin;C:\Users\Phuwarin Janaphon\AppData\Local\Microsoft\WindowsApps;C:\Users\Phuwarin Janaphon\AppData\Local\atom\bin;C:\Users\Phuwarin Janaphon\AppData\Roaming\npm
USERNAME=Phuwarin
OS=Windows_NT
PROCESSOR_IDENTIFIER=Intel64 Family 6 Model 61 Stepping 4, GenuineIntel



---------------  S Y S T E M  ---------------

OS: Windows 10.0 , 64 bit Build 14393 (10.0.14393.0)

CPU:total 4 (2 cores per cpu, 2 threads per core) family 6 model 61 stepping 4, cmov, cx8, fxsr, mmx, sse, sse2, sse3, ssse3, sse4.1, sse4.2, popcnt, avx, avx2, aes, clmul, erms, 3dnowpref, lzcnt, ht, tsc, tscinvbit, bmi1, bmi2, adx

Memory: 4k page, physical 8315244k(4693108k free), swap 10346860k(5762604k free)

vm_info: Java HotSpot(TM) 64-Bit Server VM (25.51-b03) for windows-amd64 JRE (1.8.0_51-b16), built on Jun  8 2015 18:03:07 by "java_re" with MS VC++ 10.0 (VS2010)

time: Mon Jan 30 12:22:23 2017
elapsed time: 2 seconds (0d 0h 0m 2s)

