#
# A fatal error has been detected by the Java Runtime Environment:
#
#  EXCEPTION_UNCAUGHT_CXX_EXCEPTION (0xe06d7363) at pc=0x00007ffe027d7788, pid=6100, tid=7488
#
# JRE version: Java(TM) SE Runtime Environment (8.0_51-b16) (build 1.8.0_51-b16)
# Java VM: Java HotSpot(TM) 64-Bit Server VM (25.51-b03 mixed mode windows-amd64 compressed oops)
# Problematic frame:
# C  [KERNELBASE.dll+0x17788]
#
# Failed to write core dump. Minidumps are not enabled by default on client versions of Windows
#
# If you would like to submit a bug report, please visit:
#   http://bugreport.java.com/bugreport/crash.jsp
# The crash happened outside the Java Virtual Machine in native code.
# See problematic frame for where to report the bug.
#

---------------  T H R E A D  ---------------

Current thread (0x000000001aa74000):  JavaThread "Thread-1" [_thread_in_native, id=7488, stack(0x000000001bc30000,0x000000001bd30000)]

siginfo: ExceptionCode=0xe06d7363, ExceptionInformation=0x0000000019930520 0x000000001bd1ef10 0x00007ffdd7340668 0x00007ffdd7100000 

Registers:
RAX=0x0000000000000000, RBX=0x00007ffdd7340668, RCX=0x0000000000000000, RDX=0x0000000000000000
RSP=0x000000001bd1ed80, RBP=0x000000001bd1eec0, RSI=0x00007ffdd56c2048, RDI=0x000000001bd1ef10
R8 =0x0000000000000000, R9 =0x0000000000000000, R10=0x0000000000000000, R11=0x0000000000000000
R12=0x00000000ffffff29, R13=0x0000000000000000, R14=0x00007ffdd56c1910, R15=0x000000001bd2f0b8
RIP=0x00007ffe027d7788, EFLAGS=0x0000000000000206

Top of Stack: (sp=0x000000001bd1ed80)
0x000000001bd1ed80:   0000000000000000 00007ffdd7340668
0x000000001bd1ed90:   00007ffdd56c2048 000000001bd1ef10
0x000000001bd1eda0:   00000001e06d7363 0000000000000000
0x000000001bd1edb0:   00007ffe027d7788 0000000000000004
0x000000001bd1edc0:   0000000019930520 000000001bd1ef10
0x000000001bd1edd0:   00007ffdd7340668 00007ffdd7100000
0x000000001bd1ede0:   0000000000000000 00000000ffffff29
0x000000001bd1edf0:   000000001bd1ef10 00007ffdd56c2048
0x000000001bd1ee00:   000000001bd1eec0 00007ffe0607c26f
0x000000001bd1ee10:   000000001bd1eed0 00007ffd00000000
0x000000001bd1ee20:   000000001bd1ef10 00007ffdda0fd306
0x000000001bd1ee30:   00007ffdd7361000 00007ffdd7100000
0x000000001bd1ee40:   0000c13b6dc77a5d 00007ffdda17c4d0
0x000000001bd1ee50:   00007ffdd7340668 00007ffdda0fef63
0x000000001bd1ee60:   000000001bd1ef10 00007ffdda0ceb8d
0x000000001bd1ee70:   00007ffdda17c4d0 00007ffdd56c2048 

Instructions: (pc=0x00007ffe027d7788)
0x00007ffe027d7768:   49 8b d1 44 0f 47 c0 44 89 44 24 38 49 c1 e0 03
0x00007ffe027d7778:   e8 07 55 06 00 48 8d 4c 24 20 ff 15 d0 08 13 00
0x00007ffe027d7788:   48 8b 8c 24 c0 00 00 00 48 33 cc e8 98 1a 06 00
0x00007ffe027d7798:   48 81 c4 d8 00 00 00 c3 83 64 24 38 00 eb d6 cc 


Register to memory mapping:

RAX=0x0000000000000000 is an unknown value
RBX=0x00007ffdd7340668 is an unknown value
RCX=0x0000000000000000 is an unknown value
RDX=0x0000000000000000 is an unknown value
RSP=0x000000001bd1ed80 is pointing into the stack for thread: 0x000000001aa74000
RBP=0x000000001bd1eec0 is pointing into the stack for thread: 0x000000001aa74000
RSI=0x00007ffdd56c2048 is an unknown value
RDI=0x000000001bd1ef10 is pointing into the stack for thread: 0x000000001aa74000
R8 =0x0000000000000000 is an unknown value
R9 =0x0000000000000000 is an unknown value
R10=0x0000000000000000 is an unknown value
R11=0x0000000000000000 is an unknown value
R12=0x00000000ffffff29 is an unallocated location in the heap
R13=0x0000000000000000 is an unknown value
R14=0x00007ffdd56c1910 is an unknown value
R15=0x000000001bd2f0b8 is pointing into the stack for thread: 0x000000001aa74000


Stack: [0x000000001bc30000,0x000000001bd30000],  sp=0x000000001bd1ed80,  free space=955k
Native frames: (J=compiled Java code, j=interpreted, Vv=VM code, C=native code)
C  [KERNELBASE.dll+0x17788]
C  [msvcr120.dll+0x5ef63]
C  [opencv_core310.dll+0x19b654]
C  [opencv_core310.dll+0x19b796]
C  [opencv_imgproc310.dll+0x12eb9f]
C  [jniopencv_imgproc.dll+0x1f8ee]
C  0x0000000002895e34

Java frames: (J=compiled Java code, j=interpreted, Vv=VM code)
j  org.bytedeco.javacpp.opencv_imgproc.cvResize(Lorg/bytedeco/javacpp/helper/opencv_core$CvArr;Lorg/bytedeco/javacpp/helper/opencv_core$CvArr;)V+0
j  HandDetector.update(Lorg/bytedeco/javacpp/opencv_core$IplImage;)V+5
j  HandPanel.run()V+80
j  java.lang.Thread.run()V+11
v  ~StubRoutines::call_stub

---------------  P R O C E S S  ---------------

Java Threads: ( => current thread )
  0x00000000026a5800 JavaThread "DestroyJavaVM" [_thread_blocked, id=2876, stack(0x0000000002250000,0x0000000002350000)]
  0x00000000198cf800 JavaThread "AWT-EventQueue-0" [_thread_blocked, id=2244, stack(0x000000001bd30000,0x000000001be30000)]
=>0x000000001aa74000 JavaThread "Thread-1" [_thread_in_native, id=7488, stack(0x000000001bc30000,0x000000001bd30000)]
  0x000000001abcf000 JavaThread "JavaCPP Deallocator" daemon [_thread_blocked, id=3696, stack(0x000000001bb30000,0x000000001bc30000)]
  0x000000001967a000 JavaThread "AWT-Windows" daemon [_thread_in_native, id=10540, stack(0x0000000019f50000,0x000000001a050000)]
  0x00000000195f7800 JavaThread "AWT-Shutdown" [_thread_blocked, id=7380, stack(0x0000000019e50000,0x0000000019f50000)]
  0x00000000195f6800 JavaThread "Java2D Disposer" daemon [_thread_blocked, id=13228, stack(0x0000000019c90000,0x0000000019d90000)]
  0x00000000194a9800 JavaThread "Monitor Ctrl-Break" daemon [_thread_in_native, id=5072, stack(0x0000000019a60000,0x0000000019b60000)]
  0x00000000187ee800 JavaThread "Service Thread" daemon [_thread_blocked, id=14476, stack(0x0000000019060000,0x0000000019160000)]
  0x0000000017436000 JavaThread "C1 CompilerThread2" daemon [_thread_blocked, id=5612, stack(0x0000000018f60000,0x0000000019060000)]
  0x000000001742f000 JavaThread "C2 CompilerThread1" daemon [_thread_blocked, id=3536, stack(0x0000000018e60000,0x0000000018f60000)]
  0x00000000187a2800 JavaThread "C2 CompilerThread0" daemon [_thread_blocked, id=2112, stack(0x0000000018d60000,0x0000000018e60000)]
  0x0000000017424800 JavaThread "Attach Listener" daemon [_thread_blocked, id=12652, stack(0x0000000018c60000,0x0000000018d60000)]
  0x0000000017424000 JavaThread "Signal Dispatcher" daemon [_thread_blocked, id=15776, stack(0x0000000018b60000,0x0000000018c60000)]
  0x000000000279d000 JavaThread "Finalizer" daemon [_thread_blocked, id=16240, stack(0x0000000018660000,0x0000000018760000)]
  0x0000000002794000 JavaThread "Reference Handler" daemon [_thread_blocked, id=3472, stack(0x0000000018560000,0x0000000018660000)]

Other Threads:
  0x00000000173d7800 VMThread [stack: 0x0000000018460000,0x0000000018560000] [id=6300]
  0x00000000187f0000 WatcherThread [stack: 0x0000000019160000,0x0000000019260000] [id=13804]

VM state:not at safepoint (normal execution)

VM Mutex/Monitor currently owned by a thread: None

Heap:
 PSYoungGen      total 38400K, used 12638K [0x00000000d5b00000, 0x00000000d8580000, 0x0000000100000000)
  eden space 33280K, 26% used [0x00000000d5b00000,0x00000000d63acd78,0x00000000d7b80000)
  from space 5120K, 73% used [0x00000000d7b80000,0x00000000d7f2ab48,0x00000000d8080000)
  to   space 5120K, 0% used [0x00000000d8080000,0x00000000d8080000,0x00000000d8580000)
 ParOldGen       total 87552K, used 16K [0x0000000081000000, 0x0000000086580000, 0x00000000d5b00000)
  object space 87552K, 0% used [0x0000000081000000,0x0000000081004000,0x0000000086580000)
 Metaspace       used 12552K, capacity 12750K, committed 13056K, reserved 1060864K
  class space    used 1414K, capacity 1475K, committed 1536K, reserved 1048576K

Card table byte_map: [0x0000000011c40000,0x0000000012040000] byte_map_base: 0x0000000011838000

Marking Bits: (ParMarkBitMap*) 0x0000000068d74040
 Begin Bits: [0x00000000126f0000, 0x00000000146b0000)
 End Bits:   [0x00000000146b0000, 0x0000000016670000)

Polling page: 0x0000000000a40000

CodeCache: size=245760Kb used=3754Kb max_used=3772Kb free=242005Kb
 bounds [0x0000000002880000, 0x0000000002c40000, 0x0000000011880000]
 total_blobs=1498 nmethods=925 adapters=486
 compilation: enabled

Compilation events (10 events):
Event: 3.614 Thread 0x0000000017436000  924   !   3       java.nio.HeapCharBuffer::toString (30 bytes)
Event: 3.614 Thread 0x0000000017436000 nmethod 924 0x0000000002c1ed90 code [0x0000000002c1ef00, 0x0000000002c1f198]
Event: 3.617 Thread 0x00000000187a2800 nmethod 914 0x0000000002c1e010 code [0x0000000002c1e1a0, 0x0000000002c1e728]
Event: 3.617 Thread 0x00000000187a2800  921       4       java.lang.String::lastIndexOf (151 bytes)
Event: 3.618 Thread 0x0000000017436000  925   !   3       com.sun.proxy.$Proxy1::not (29 bytes)
Event: 3.618 Thread 0x0000000017436000 nmethod 925 0x0000000002c29f50 code [0x0000000002c2a0e0, 0x0000000002c2a4b8]
Event: 3.621 Thread 0x00000000187a2800 nmethod 921 0x0000000002c28410 code [0x0000000002c28560, 0x0000000002c287b8]
Event: 3.622 Thread 0x0000000017436000  926       3       java.util.ArrayList::<init> (61 bytes)
Event: 3.623 Thread 0x0000000017436000 nmethod 926 0x0000000002c28e50 code [0x0000000002c29060, 0x0000000002c29ad8]
Event: 3.653 Thread 0x000000001742f000 nmethod 906% 0x0000000002c2f410 code [0x0000000002c2f6e0, 0x0000000002c31308]

GC Heap History (2 events):
Event: 1.295 GC heap before
{Heap before GC invocations=1 (full 0):
 PSYoungGen      total 38400K, used 33280K [0x00000000d5b00000, 0x00000000d8580000, 0x0000000100000000)
  eden space 33280K, 100% used [0x00000000d5b00000,0x00000000d7b80000,0x00000000d7b80000)
  from space 5120K, 0% used [0x00000000d8080000,0x00000000d8080000,0x00000000d8580000)
  to   space 5120K, 0% used [0x00000000d7b80000,0x00000000d7b80000,0x00000000d8080000)
 ParOldGen       total 87552K, used 0K [0x0000000081000000, 0x0000000086580000, 0x00000000d5b00000)
  object space 87552K, 0% used [0x0000000081000000,0x0000000081000000,0x0000000086580000)
 Metaspace       used 11871K, capacity 12046K, committed 12288K, reserved 1060864K
  class space    used 1341K, capacity 1411K, committed 1536K, reserved 1048576K
Event: 1.305 GC heap after
Heap after GC invocations=1 (full 0):
 PSYoungGen      total 38400K, used 3754K [0x00000000d5b00000, 0x00000000d8580000, 0x0000000100000000)
  eden space 33280K, 0% used [0x00000000d5b00000,0x00000000d5b00000,0x00000000d7b80000)
  from space 5120K, 73% used [0x00000000d7b80000,0x00000000d7f2ab48,0x00000000d8080000)
  to   space 5120K, 0% used [0x00000000d8080000,0x00000000d8080000,0x00000000d8580000)
 ParOldGen       total 87552K, used 16K [0x0000000081000000, 0x0000000086580000, 0x00000000d5b00000)
  object space 87552K, 0% used [0x0000000081000000,0x0000000081004000,0x0000000086580000)
 Metaspace       used 11871K, capacity 12046K, committed 12288K, reserved 1060864K
  class space    used 1341K, capacity 1411K, committed 1536K, reserved 1048576K
}

Deoptimization events (1 events):
Event: 0.315 Thread 0x00000000026a5800 Uncommon trap: reason=unstable_if action=reinterpret pc=0x0000000002993c24 method=java.lang.String.hashCode()I @ 14

Internal exceptions (10 events):
Event: 0.345 Thread 0x00000000026a5800 Exception <a 'java/security/PrivilegedActionException'> (0x00000000d5fcf160) thrown at [C:\re\workspace\8-2-build-windows-amd64-cygwin\jdk8u51\3951\hotspot\src\share\vm\prims\jvm.cpp, line 1382]
Event: 0.345 Thread 0x00000000026a5800 Exception <a 'java/security/PrivilegedActionException'> (0x00000000d5fcf318) thrown at [C:\re\workspace\8-2-build-windows-amd64-cygwin\jdk8u51\3951\hotspot\src\share\vm\prims\jvm.cpp, line 1382]
Event: 0.346 Thread 0x00000000026a5800 Exception <a 'java/security/PrivilegedActionException'> (0x00000000d5fd30b0) thrown at [C:\re\workspace\8-2-build-windows-amd64-cygwin\jdk8u51\3951\hotspot\src\share\vm\prims\jvm.cpp, line 1382]
Event: 0.346 Thread 0x00000000026a5800 Exception <a 'java/security/PrivilegedActionException'> (0x00000000d5fd3268) thrown at [C:\re\workspace\8-2-build-windows-amd64-cygwin\jdk8u51\3951\hotspot\src\share\vm\prims\jvm.cpp, line 1382]
Event: 0.351 Thread 0x00000000026a5800 Exception <a 'java/io/FileNotFoundException'> (0x00000000d5fd5620) thrown at [C:\re\workspace\8-2-build-windows-amd64-cygwin\jdk8u51\3951\hotspot\src\share\vm\prims\jni.cpp, line 709]
Event: 0.384 Thread 0x00000000026a5800 Exception <a 'java/io/FileNotFoundException'> (0x00000000d5ff4c40) thrown at [C:\re\workspace\8-2-build-windows-amd64-cygwin\jdk8u51\3951\hotspot\src\share\vm\prims\jni.cpp, line 709]
Event: 0.447 Thread 0x00000000026a5800 Exception <a 'java/lang/NoSuchFieldError': method resolution failed> (0x00000000d616f230) thrown at [C:\re\workspace\8-2-build-windows-amd64-cygwin\jdk8u51\3951\hotspot\src\share\vm\prims\methodHandles.cpp, line 1125]
Event: 0.458 Thread 0x00000000026a5800 Exception <a 'java/lang/NoSuchFieldError': method resolution failed> (0x00000000d617dc40) thrown at [C:\re\workspace\8-2-build-windows-amd64-cygwin\jdk8u51\3951\hotspot\src\share\vm\prims\methodHandles.cpp, line 1125]
Event: 1.256 Thread 0x00000000026a5800 Exception <a 'java/io/FileNotFoundException'> (0x00000000d76e9e88) thrown at [C:\re\workspace\8-2-build-windows-amd64-cygwin\jdk8u51\3951\hotspot\src\share\vm\prims\jni.cpp, line 709]
Event: 1.256 Thread 0x00000000026a5800 Exception <a 'java/lang/NullPointerException'> (0x00000000d76ea5b0) thrown at [C:\re\workspace\8-2-build-windows-amd64-cygwin\jdk8u51\3951\hotspot\src\share\vm\interpreter\linkResolver.cpp, line 1178]

Events (10 events):
Event: 3.630 loading class java/util/regex/MatchResult done
Event: 3.630 loading class java/util/regex/Matcher done
Event: 3.630 loading class java/util/regex/ASCII
Event: 3.630 loading class java/util/regex/ASCII done
Event: 4.185 Executing VM operation: EnableBiasedLocking
Event: 4.186 Executing VM operation: EnableBiasedLocking done
Event: 4.631 loading class java/lang/Throwable$WrappedPrintStream
Event: 4.631 loading class java/lang/Throwable$PrintStreamOrWriter
Event: 4.631 loading class java/lang/Throwable$PrintStreamOrWriter done
Event: 4.631 loading class java/lang/Throwable$WrappedPrintStream done


Dynamic libraries:
0x00007ff67f1b0000 - 0x00007ff67f1e7000 	C:\Program Files\Java\jdk1.8.0_51\bin\java.exe
0x00007ffe06030000 - 0x00007ffe06201000 	C:\WINDOWS\SYSTEM32\ntdll.dll
0x00007ffe05550000 - 0x00007ffe055fb000 	C:\WINDOWS\System32\KERNEL32.DLL
0x00007ffe027c0000 - 0x00007ffe029dd000 	C:\WINDOWS\System32\KERNELBASE.dll
0x00007ffe05190000 - 0x00007ffe05232000 	C:\WINDOWS\System32\ADVAPI32.dll
0x00007ffe05250000 - 0x00007ffe052ee000 	C:\WINDOWS\System32\msvcrt.dll
0x00007ffe05b70000 - 0x00007ffe05bc9000 	C:\WINDOWS\System32\sechost.dll
0x00007ffe04b30000 - 0x00007ffe04c51000 	C:\WINDOWS\System32\RPCRT4.dll
0x00007ffe05600000 - 0x00007ffe05765000 	C:\WINDOWS\System32\USER32.dll
0x00007ffe03130000 - 0x00007ffe0314e000 	C:\WINDOWS\System32\win32u.dll
0x00007ffe04f50000 - 0x00007ffe04f84000 	C:\WINDOWS\System32\GDI32.dll
0x00007ffe02630000 - 0x00007ffe027b2000 	C:\WINDOWS\System32\gdi32full.dll
0x00007ffdfaaf0000 - 0x00007ffdfad69000 	C:\WINDOWS\WinSxS\amd64_microsoft.windows.common-controls_6595b64144ccf1df_6.0.14393.447_none_42191651c6827bb3\COMCTL32.dll
0x00007ffe05830000 - 0x00007ffe05af8000 	C:\WINDOWS\System32\combase.dll
0x00007ffe03420000 - 0x00007ffe03515000 	C:\WINDOWS\System32\ucrtbase.dll
0x00007ffe030c0000 - 0x00007ffe0312a000 	C:\WINDOWS\System32\bcryptPrimitives.dll
0x00007ffe06000000 - 0x00007ffe0602e000 	C:\WINDOWS\System32\IMM32.DLL
0x0000000069360000 - 0x0000000069432000 	C:\Program Files\Java\jdk1.8.0_51\jre\bin\msvcr100.dll
0x0000000068570000 - 0x0000000068df3000 	C:\Program Files\Java\jdk1.8.0_51\jre\bin\server\jvm.dll
0x00007ffe05240000 - 0x00007ffe05248000 	C:\WINDOWS\System32\PSAPI.DLL
0x00007ffdff700000 - 0x00007ffdff709000 	C:\WINDOWS\SYSTEM32\WSOCK32.dll
0x00007ffe00840000 - 0x00007ffe00863000 	C:\WINDOWS\SYSTEM32\WINMM.dll
0x00007ffe05b00000 - 0x00007ffe05b6a000 	C:\WINDOWS\System32\WS2_32.dll
0x00007ffdfe050000 - 0x00007ffdfe05a000 	C:\WINDOWS\SYSTEM32\VERSION.dll
0x00007ffe00560000 - 0x00007ffe0058b000 	C:\WINDOWS\SYSTEM32\WINMMBASE.dll
0x00007ffe033d0000 - 0x00007ffe03412000 	C:\WINDOWS\System32\cfgmgr32.dll
0x000000006a590000 - 0x000000006a59f000 	C:\Program Files\Java\jdk1.8.0_51\jre\bin\verify.dll
0x000000006a560000 - 0x000000006a589000 	C:\Program Files\Java\jdk1.8.0_51\jre\bin\java.dll
0x000000006a540000 - 0x000000006a556000 	C:\Program Files\Java\jdk1.8.0_51\jre\bin\zip.dll
0x00007ffe035c0000 - 0x00007ffe04ac9000 	C:\WINDOWS\System32\SHELL32.dll
0x00007ffe029e0000 - 0x00007ffe030ba000 	C:\WINDOWS\System32\windows.storage.dll
0x00007ffe02490000 - 0x00007ffe024dc000 	C:\WINDOWS\System32\powrprof.dll
0x00007ffe05130000 - 0x00007ffe05182000 	C:\WINDOWS\System32\shlwapi.dll
0x00007ffe02510000 - 0x00007ffe0251f000 	C:\WINDOWS\System32\kernel.appcore.dll
0x00007ffe02580000 - 0x00007ffe02629000 	C:\WINDOWS\System32\shcore.dll
0x00007ffe024e0000 - 0x00007ffe024f4000 	C:\WINDOWS\System32\profapi.dll
0x00007ffe00a30000 - 0x00007ffe00a40000 	C:\Program Files (x86)\JetBrains\IntelliJ IDEA Community Edition 2016.3.2\bin\breakgen64.dll
0x000000006a160000 - 0x000000006a17a000 	C:\Program Files\Java\jdk1.8.0_51\jre\bin\net.dll
0x00007ffe01d60000 - 0x00007ffe01dbc000 	C:\WINDOWS\system32\mswsock.dll
0x000000006a3a0000 - 0x000000006a538000 	C:\Program Files\Java\jdk1.8.0_51\jre\bin\awt.dll
0x00007ffe05770000 - 0x00007ffe0582f000 	C:\WINDOWS\System32\OLEAUT32.dll
0x00007ffe03520000 - 0x00007ffe035bc000 	C:\WINDOWS\System32\msvcp_win.dll
0x00007ffe00a80000 - 0x00007ffe00afa000 	C:\WINDOWS\SYSTEM32\apphelp.dll
0x00007ffdffec0000 - 0x00007ffdffee6000 	C:\WINDOWS\system32\DWMAPI.DLL
0x00007ffe00c20000 - 0x00007ffe00cb5000 	C:\WINDOWS\system32\uxtheme.dll
0x00007ffe04c60000 - 0x00007ffe04dbb000 	C:\WINDOWS\System32\MSCTF.dll
0x00007ffe05410000 - 0x00007ffe05547000 	C:\WINDOWS\System32\ole32.dll
0x00007ffdda0a0000 - 0x00007ffdda18f000 	C:\Users\Phuwarin Janaphon\.javacpp\cache\opencv-windows-x86_64.jar\org\bytedeco\javacpp\windows-x86_64\msvcr120.dll
0x00007ffdd9200000 - 0x00007ffdd92a6000 	C:\Users\Phuwarin Janaphon\.javacpp\cache\opencv-windows-x86_64.jar\org\bytedeco\javacpp\windows-x86_64\msvcp120.dll
0x00007ffdd7100000 - 0x00007ffdd737a000 	C:\Users\Phuwarin Janaphon\.javacpp\cache\opencv-windows-x86_64.jar\org\bytedeco\javacpp\windows-x86_64\opencv_core310.dll
0x00007ffdd54b0000 - 0x00007ffdd57f2000 	C:\Users\Phuwarin Janaphon\.javacpp\cache\opencv-windows-x86_64.jar\org\bytedeco\javacpp\windows-x86_64\opencv_imgproc310.dll
0x00007ffdd6830000 - 0x00007ffdd6a57000 	C:\Users\Phuwarin Janaphon\.javacpp\cache\opencv-windows-x86_64.jar\org\bytedeco\javacpp\windows-x86_64\jniopencv_core.dll
0x000000006a140000 - 0x000000006a151000 	C:\Program Files\Java\jdk1.8.0_51\jre\bin\nio.dll
0x00007ffdd8a00000 - 0x00007ffdd8aed000 	C:\Users\Phuwarin Janaphon\.javacpp\cache\opencv-windows-x86_64.jar\org\bytedeco\javacpp\windows-x86_64\jniopencv_imgproc.dll
0x00007ffdd5f60000 - 0x00007ffdd6229000 	C:\Users\Phuwarin Janaphon\.javacpp\cache\opencv-windows-x86_64.jar\org\bytedeco\javacpp\windows-x86_64\opencv_imgcodecs310.dll
0x00007ffdfb4b0000 - 0x00007ffdfb4d5000 	C:\Users\Phuwarin Janaphon\.javacpp\cache\opencv-windows-x86_64.jar\org\bytedeco\javacpp\windows-x86_64\jniopencv_imgcodecs.dll
0x00007ffdf4480000 - 0x00007ffdf44d3000 	C:\Users\Phuwarin Janaphon\.javacpp\cache\opencv-windows-x86_64.jar\org\bytedeco\javacpp\windows-x86_64\opencv_videoio310.dll
0x00007ffdf8fa0000 - 0x00007ffdf8fc9000 	C:\WINDOWS\SYSTEM32\MSVFW32.dll
0x00007ffdf87a0000 - 0x00007ffdf87c0000 	C:\WINDOWS\SYSTEM32\AVIFIL32.dll
0x00007ffdf7d00000 - 0x00007ffdf7d18000 	C:\WINDOWS\SYSTEM32\AVICAP32.dll
0x00007ffdf6d90000 - 0x00007ffdf6dac000 	C:\WINDOWS\SYSTEM32\MSACM32.dll
0x00007ffdf6e60000 - 0x00007ffdf6e77000 	C:\Users\Phuwarin Janaphon\.javacpp\cache\opencv-windows-x86_64.jar\org\bytedeco\javacpp\windows-x86_64\jniopencv_videoio.dll
0x00007ffdf4020000 - 0x00007ffdf404c000 	C:\Users\Phuwarin Janaphon\.javacpp\cache\opencv-windows-x86_64.jar\org\bytedeco\javacpp\windows-x86_64\opencv_highgui310.dll
0x00007ffe04e50000 - 0x00007ffe04f4a000 	C:\WINDOWS\System32\COMDLG32.dll
0x00007ffdef6b0000 - 0x00007ffdef6e5000 	C:\Users\Phuwarin Janaphon\.javacpp\cache\opencv-windows-x86_64.jar\org\bytedeco\javacpp\windows-x86_64\jniopencv_highgui.dll
0x00007ffdd8930000 - 0x00007ffdd89fd000 	C:\Users\Phuwarin Janaphon\.javacpp\cache\opencv-windows-x86_64.jar\org\bytedeco\javacpp\windows-x86_64\opencv_ml310.dll
0x00007ffde38f0000 - 0x00007ffde392f000 	C:\Users\Phuwarin Janaphon\.javacpp\cache\opencv-windows-x86_64.jar\org\bytedeco\javacpp\windows-x86_64\jniopencv_ml.dll
0x00007ffdda000000 - 0x00007ffdda096000 	C:\Users\Phuwarin Janaphon\.javacpp\cache\opencv-windows-x86_64.jar\org\bytedeco\javacpp\windows-x86_64\opencv_objdetect310.dll
0x00007ffde01b0000 - 0x00007ffde0204000 	C:\Users\Phuwarin Janaphon\.javacpp\cache\opencv-windows-x86_64.jar\org\bytedeco\javacpp\windows-x86_64\jniopencv_objdetect.dll
0x00007ffdf3ff0000 - 0x00007ffdf4016000 	C:\Users\Phuwarin Janaphon\.javacpp\cache\videoinput-windows-x86_64.jar\org\bytedeco\javacpp\windows-x86_64\jnivideoInputLib.dll
0x000000006a350000 - 0x000000006a397000 	C:\Program Files\Java\jdk1.8.0_51\jre\bin\fontmanager.dll
0x0000000069c00000 - 0x0000000069c42000 	C:\Program Files\Java\jdk1.8.0_51\jre\bin\t2k.dll
0x00007ffe05300000 - 0x00007ffe0539f000 	C:\WINDOWS\System32\clbcatq.dll
0x00007ffdf5a00000 - 0x00007ffdf5a18000 	C:\Windows\System32\devenum.dll
0x00007ffe05bd0000 - 0x00007ffe05ff9000 	C:\WINDOWS\System32\setupapi.dll
0x00007ffe01840000 - 0x00007ffe01872000 	C:\WINDOWS\SYSTEM32\ntmarta.dll
0x00007ffe010d0000 - 0x00007ffe010f8000 	C:\WINDOWS\SYSTEM32\DEVOBJ.dll
0x00007ffe02520000 - 0x00007ffe02575000 	C:\WINDOWS\System32\WINTRUST.dll
0x00007ffe02500000 - 0x00007ffe02510000 	C:\WINDOWS\System32\MSASN1.dll
0x00007ffe03200000 - 0x00007ffe033c9000 	C:\WINDOWS\System32\CRYPT32.dll
0x00007ffdff5f0000 - 0x00007ffdff5fa000 	C:\WINDOWS\SYSTEM32\msdmo.dll
0x00007ffdd91c0000 - 0x00007ffdd91f3000 	C:\Windows\System32\qcap.dll
0x00007ffdd7d60000 - 0x00007ffdd7f23000 	C:\Windows\System32\quartz.dll
0x00007ffe02070000 - 0x00007ffe0209b000 	C:\Windows\System32\bcrypt.dll
0x00007ffdd8fd0000 - 0x00007ffdd9018000 	C:\Windows\System32\mfksproxy.dll
0x00007ffdfd940000 - 0x00007ffdfd95c000 	C:\Windows\System32\ATL.DLL
0x00007ffde48a0000 - 0x00007ffde48ee000 	C:\Windows\System32\MFSENSORGROUP.dll
0x00007ffdfe4d0000 - 0x00007ffdfe638000 	C:\Windows\System32\MFPlat.DLL
0x00007ffdfde70000 - 0x00007ffdfde9e000 	C:\Windows\System32\RTWorkQ.DLL
0x00007ffdd8f20000 - 0x00007ffdd8f6b000 	C:\Windows\System32\ksproxy.ax
0x00007ffdfd440000 - 0x00007ffdfd449000 	C:\Windows\System32\ksuser.dll
0x00007ffdd5c50000 - 0x00007ffdd5ddd000 	C:\Windows\System32\d3d9.dll
0x00007ffdf5c80000 - 0x00007ffdf5cc3000 	C:\WINDOWS\SYSTEM32\policymanager.dll
0x00007ffe00e20000 - 0x00007ffe00eb1000 	C:\Windows\System32\msvcp110_win.dll
0x00007ffdff2b0000 - 0x00007ffdff2bd000 	C:\Windows\System32\vidcap.ax
0x00007ffdef580000 - 0x00007ffdef5a5000 	C:\Windows\System32\kswdmcap.ax
0x00007ffdd5ae0000 - 0x00007ffdd5c43000 	C:\Windows\System32\MFC42.dll
0x00007ffdd8280000 - 0x00007ffdd832f000 	C:\Windows\System32\ODBC32.dll
0x00007ffe019b0000 - 0x00007ffe019ba000 	C:\Windows\System32\DPAPI.dll
0x00007ffdd6430000 - 0x00007ffdd64d3000 	C:\Windows\System32\qedit.dll
0x00007ffdfe120000 - 0x00007ffdfe2ba000 	C:\WINDOWS\WinSxS\amd64_microsoft.windows.gdiplus_6595b64144ccf1df_1.1.14393.321_none_72fe05dd211a5fae\gdiplus.dll
0x00007ffdec860000 - 0x00007ffdec957000 	C:\Windows\System32\DDRAW.dll
0x00007ffdf6bd0000 - 0x00007ffdf6bd8000 	C:\Windows\System32\DCIMAN32.dll
0x00007ffdd4f00000 - 0x00007ffdd5118000 	C:\Program Files (x86)\K-Lite Codec Pack\Filters\DirectVobSub64\vsfilter.dll
0x00007ffdff710000 - 0x00007ffdff775000 	C:\WINDOWS\SYSTEM32\OLEACC.dll
0x00007ffdfdfc0000 - 0x00007ffdfe045000 	C:\WINDOWS\SYSTEM32\WINSPOOL.DRV
0x00007ffdf14b0000 - 0x00007ffdf1743000 	C:\WINDOWS\SYSTEM32\WININET.dll
0x00007ffdfe060000 - 0x00007ffdfe06c000 	C:\WINDOWS\SYSTEM32\msyuv.dll
0x00007ffdff400000 - 0x00007ffdff592000 	C:\WINDOWS\SYSTEM32\dbghelp.dll

VM Arguments:
jvm_args: -Djava.library.path=C:\opencv-249\opencv\build\java\x64 -Didea.launcher.port=7533 -Didea.launcher.bin.path=C:\Program Files (x86)\JetBrains\IntelliJ IDEA Community Edition 2016.3.2\bin -Dfile.encoding=UTF-8 
java_command: com.intellij.rt.execution.application.AppMain Handy
java_class_path (initial): C:\Program Files\Java\jdk1.8.0_51\jre\lib\charsets.jar;C:\Program Files\Java\jdk1.8.0_51\jre\lib\deploy.jar;C:\Program Files\Java\jdk1.8.0_51\jre\lib\ext\access-bridge-64.jar;C:\Program Files\Java\jdk1.8.0_51\jre\lib\ext\cldrdata.jar;C:\Program Files\Java\jdk1.8.0_51\jre\lib\ext\dnsns.jar;C:\Program Files\Java\jdk1.8.0_51\jre\lib\ext\jaccess.jar;C:\Program Files\Java\jdk1.8.0_51\jre\lib\ext\jfxrt.jar;C:\Program Files\Java\jdk1.8.0_51\jre\lib\ext\localedata.jar;C:\Program Files\Java\jdk1.8.0_51\jre\lib\ext\nashorn.jar;C:\Program Files\Java\jdk1.8.0_51\jre\lib\ext\sunec.jar;C:\Program Files\Java\jdk1.8.0_51\jre\lib\ext\sunjce_provider.jar;C:\Program Files\Java\jdk1.8.0_51\jre\lib\ext\sunmscapi.jar;C:\Program Files\Java\jdk1.8.0_51\jre\lib\ext\sunpkcs11.jar;C:\Program Files\Java\jdk1.8.0_51\jre\lib\ext\zipfs.jar;C:\Program Files\Java\jdk1.8.0_51\jre\lib\javaws.jar;C:\Program Files\Java\jdk1.8.0_51\jre\lib\jce.jar;C:\Program Files\Java\jdk1.8.0_51\jre\lib\jfr.jar;C:\Program Files\Java\jdk1.8.0_51\jre\lib\jfxswt.jar;C:\Program Files\Java\jdk1.8.0_51\jre\lib\jsse.jar;C:\Program Files\Java\jdk1.8.0_51\jre\lib\management-agent.jar;C:\Program Files\Java\jdk1.8.0_51\jre\lib\plugin.jar;C:\Program Files\Java\jdk1.8.0_51\jre\lib\resources.jar;C:\Program Files\Java\jdk1.8.0_51\jre\lib\rt.jar;D:\Users\Phuwarin\IdeaProjects\HandDetectionAndrew\out\production\HandDetectionAndrew;C:\opencv-249\opencv\build\java\opencv-249.jar;D:\javacv-bin\javacpp.jar;D:\javacv-bin\javacv.jar;D:\javacv-bin\javacv-linux-x86.jar;D:\javacv-bin\javacv-android-arm.jar;D:\javacv-bin\javacv-windows-x86.jar;D:\javacv-bin\javacv-linux-x86_64.jar;D:\javacv-bin\javacv-macosx-x86_64.jar;D:\javacv-bin\javacv-windows-x86_64.jar;D:\Users\Phuwarin Janaphon\Downloads\javacv-platform-1.3.1-bin\javacv-bin\javacpp.jar;D:\Users\Phuwarin Janaphon\Downloads\javacv-platform-1.3.1-bin\javacv-bin\ffmpeg.jar;D:\Users\Phuwarin Janaphon\Downloads\javacv-platform-1.3.1-bin\javacv-bin\javacv.jar;D:\Use
Launcher Type: SUN_STANDARD

Environment Variables:
PATH=C:\Perl64\site\bin;C:\Perl64\bin;C:\Program Files (x86)\Intel\iCLS Client\;C:\Program Files\Intel\iCLS Client\;C:\ProgramData\Oracle\Java\javapath;C:\Windows\system32;C:\Windows;C:\Windows\System32\Wbem;C:\Windows\System32\WindowsPowerShell\v1.0\;C:\Program Files (x86)\NVIDIA Corporation\PhysX\Common;C:\Program Files\Common Files\Autodesk Shared\;C:\WINDOWS\system32\config\systemprofile\.dnx\bin;C:\Program Files\Microsoft DNX\Dnvm\;C:\Program Files (x86)\Windows Kits\8.1\Windows Performance Toolkit\;C:\WINDOWS\system32;C:\WINDOWS;C:\WINDOWS\System32\Wbem;C:\WINDOWS\System32\WindowsPowerShell\v1.0\;C:\Program Files\Java\jdk1.8.0_51\bin;C:\Program Files (x86)\Windows Live\Shared;C:\Program Files\7-Zip;C:\Program Files\Intel\Intel(R) Management Engine Components\DAL;C:\Program Files\Intel\Intel(R) Management Engine Components\IPT;C:\Program Files\Mercurial\;C:\Program Files\nodejs\;C:\opencv\build\x64\vc14\bin;C:\GNAT\2015\bin;C:\Users\Phuwarin Janaphon\AppData\Local\Microsoft\WindowsApps;C:\Users\Phuwarin Janaphon\AppData\Local\atom\bin;C:\Users\Phuwarin Janaphon\AppData\Roaming\npm
USERNAME=Phuwarin
OS=Windows_NT
PROCESSOR_IDENTIFIER=Intel64 Family 6 Model 61 Stepping 4, GenuineIntel



---------------  S Y S T E M  ---------------

OS: Windows 10.0 , 64 bit Build 14393 (10.0.14393.0)

CPU:total 4 (2 cores per cpu, 2 threads per core) family 6 model 61 stepping 4, cmov, cx8, fxsr, mmx, sse, sse2, sse3, ssse3, sse4.1, sse4.2, popcnt, avx, avx2, aes, clmul, erms, 3dnowpref, lzcnt, ht, tsc, tscinvbit, bmi1, bmi2, adx

Memory: 4k page, physical 8315244k(4088060k free), swap 10346860k(4810180k free)

vm_info: Java HotSpot(TM) 64-Bit Server VM (25.51-b03) for windows-amd64 JRE (1.8.0_51-b16), built on Jun  8 2015 18:03:07 by "java_re" with MS VC++ 10.0 (VS2010)

time: Mon Jan 30 12:44:48 2017
elapsed time: 4 seconds (0d 0h 0m 4s)

